{"meta": {"format": 3, "version": "7.13.5", "timestamp": "2026-03-20T00:20:52.268335", "branch_coverage": false, "show_contexts": false}, "files": {"src/audit/calibration.py": {"executed_lines": [], "summary": {"covered_lines": 0, "num_statements": 1133, "percent_covered": 0.0, "percent_covered_display": "0", "missing_lines": 1133, "excluded_lines": 0, "percent_statements_covered": 0.0, "percent_statements_covered_display": "0"}, "missing_lines": [52, 54, 55, 56, 57, 58, 59, 61, 72, 74, 82, 107, 109, 110, 112, 113, 115, 116, 119, 120, 122, 124, 125, 126, 127, 128, 129, 130, 133, 135, 136, 139, 157, 159, 160, 161, 162, 163, 165, 168, 183, 184, 185, 186, 189, 204, 205, 206, 207, 208, 212, 222, 337, 368, 370, 371, 372, 373, 374, 377, 378, 379, 381, 382, 383, 386, 387, 391, 392, 393, 396, 397, 398, 400, 410, 418, 424, 427, 446, 448, 449, 451, 452, 453, 454, 455, 458, 460, 463, 464, 467, 468, 469, 470, 471, 472, 474, 482, 516, 517, 520, 523, 526, 528, 529, 530, 531, 534, 535, 537, 539, 540, 542, 543, 545, 548, 551, 552, 553, 554, 562, 563, 572, 586, 612, 614, 615, 618, 625, 626, 629, 630, 633, 634, 636, 639, 660, 662, 663, 664, 666, 668, 669, 671, 674, 675, 676, 678, 680, 683, 719, 720, 723, 724, 725, 727, 730, 733, 734, 735, 736, 737, 741, 746, 747, 749, 750, 751, 752, 753, 760, 761, 762, 766, 769, 794, 797, 798, 800, 808, 809, 811, 812, 813, 815, 817, 820, 838, 839, 840, 841, 842, 845, 846, 849, 853, 854, 855, 858, 875, 876, 877, 878, 879, 882, 883, 886, 890, 891, 892, 895, 913, 914, 915, 920, 921, 922, 923, 924, 925, 929, 930, 932, 933, 936, 937, 938, 940, 948, 990, 991, 993, 994, 995, 998, 999, 1000, 1001, 1004, 1007, 1008, 1010, 1018, 1020, 1021, 1023, 1024, 1025, 1028, 1029, 1030, 1031, 1032, 1034, 1036, 1037, 1040, 1041, 1042, 1044, 1047, 1048, 1049, 1050, 1051, 1052, 1055, 1056, 1057, 1058, 1059, 1062, 1063, 1064, 1067, 1068, 1069, 1071, 1072, 1077, 1082, 1090, 1093, 1095, 1098, 1128, 1129, 1132, 1134, 1135, 1141, 1142, 1143, 1144, 1146, 1147, 1149, 1150, 1152, 1155, 1157, 1158, 1159, 1160, 1161, 1163, 1164, 1165, 1167, 1168, 1169, 1171, 1179, 1182, 1207, 1208, 1211, 1214, 1217, 1219, 1220, 1221, 1223, 1224, 1225, 1227, 1228, 1229, 1232, 1233, 1244, 1256, 1257, 1262, 1263, 1265, 1273, 1287, 1313, 1315, 1318, 1319, 1320, 1321, 1322, 1323, 1324, 1326, 1327, 1328, 1329, 1331, 1334, 1343, 1344, 1345, 1346, 1347, 1350, 1351, 1361, 1364, 1369, 1372, 1373, 1374, 1375, 1378, 1383, 1399, 1414, 1415, 1417, 1418, 1420, 1421, 1422, 1423, 1424, 1431, 1432, 1433, 1437, 1445, 1466, 1469, 1470, 1471, 1473, 1475, 1476, 1477, 1478, 1480, 1483, 1496, 1497, 1498, 1501, 1525, 1526, 1529, 1530, 1532, 1533, 1541, 1549, 1581, 1600, 1625, 1653, 1654, 1655, 1656, 1657, 1660, 1661, 1662, 1665, 1668, 1669, 1670, 1673, 1674, 1675, 1676, 1678, 1679, 1683, 1684, 1685, 1689, 1693, 1694, 1698, 1705, 1706, 1707, 1716, 1717, 1721, 1745, 1746, 1748, 1749, 1750, 1752, 1753, 1754, 1755, 1756, 1757, 1758, 1759, 1760, 1762, 1763, 1764, 1770, 1771, 1772, 1776, 1777, 1778, 1780, 1781, 1782, 1784, 1785, 1787, 1791, 1792, 1793, 1795, 1797, 1799, 1800, 1803, 1804, 1809, 1810, 1812, 1815, 1816, 1821, 1833, 1834, 1837, 1839, 1842, 1845, 1846, 1847, 1848, 1849, 1850, 1857, 1860, 1861, 1867, 1876, 1877, 1878, 1879, 1880, 1881, 1882, 1883, 1886, 1887, 1888, 1889, 1890, 1893, 1894, 1895, 1896, 1897, 1900, 1901, 1902, 1904, 1905, 1906, 1909, 1910, 1911, 1912, 1913, 1918, 1925, 1927, 1929, 1936, 1939, 1940, 1943, 1944, 1945, 1954, 1957, 1962, 1973, 1974, 1977, 1978, 1981, 1985, 1988, 1989, 1993, 1994, 1998, 2001, 2002, 2003, 2004, 2005, 2007, 2008, 2011, 2021, 2022, 2023, 2024, 2025, 2026, 2029, 2030, 2031, 2042, 2043, 2050, 2054, 2055, 2058, 2061, 2064, 2066, 2077, 2078, 2084, 2086, 2117, 2118, 2119, 2121, 2123, 2126, 2135, 2138, 2147, 2150, 2151, 2154, 2155, 2156, 2157, 2163, 2167, 2175, 2176, 2181, 2183, 2185, 2193, 2199, 2200, 2203, 2211, 2212, 2213, 2214, 2215, 2217, 2220, 2223, 2225, 2227, 2241, 2242, 2244, 2253, 2254, 2255, 2256, 2263, 2264, 2265, 2266, 2267, 2268, 2269, 2271, 2272, 2273, 2275, 2277, 2278, 2279, 2281, 2282, 2285, 2286, 2287, 2288, 2295, 2297, 2298, 2301, 2302, 2304, 2306, 2307, 2308, 2309, 2324, 2325, 2330, 2332, 2333, 2334, 2335, 2340, 2342, 2343, 2348, 2349, 2352, 2359, 2390, 2393, 2394, 2395, 2396, 2397, 2398, 2399, 2400, 2405, 2406, 2407, 2408, 2409, 2410, 2411, 2412, 2413, 2414, 2415, 2418, 2420, 2426, 2427, 2428, 2429, 2430, 2431, 2432, 2433, 2437, 2438, 2439, 2440, 2441, 2442, 2443, 2444, 2445, 2446, 2449, 2450, 2451, 2452, 2453, 2454, 2459, 2460, 2461, 2463, 2464, 2466, 2469, 2470, 2471, 2472, 2473, 2474, 2475, 2476, 2477, 2478, 2479, 2490, 2491, 2494, 2503, 2504, 2512, 2515, 2518, 2519, 2524, 2525, 2526, 2527, 2528, 2530, 2534, 2535, 2536, 2537, 2539, 2540, 2541, 2542, 2543, 2545, 2546, 2547, 2548, 2549, 2550, 2551, 2552, 2553, 2554, 2555, 2556, 2557, 2558, 2559, 2560, 2561, 2562, 2574, 2575, 2580, 2581, 2582, 2583, 2584, 2589, 2590, 2591, 2596, 2597, 2598, 2605, 2613, 2614, 2616, 2618, 2626, 2627, 2629, 2630, 2632, 2642, 2656, 2658, 2661, 2674, 2675, 2676, 2677, 2679, 2680, 2683, 2684, 2685, 2687, 2689, 2702, 2703, 2705, 2706, 2707, 2709, 2710, 2711, 2713, 2716, 2717, 2722, 2724, 2725, 2730, 2732, 2733, 2735, 2736, 2737, 2746, 2755, 2802, 2804, 2805, 2806, 2808, 2809, 2812, 2815, 2816, 2817, 2818, 2819, 2820, 2821, 2822, 2823, 2824, 2825, 2826, 2827, 2828, 2829, 2830, 2831, 2832, 2834, 2836, 2837, 2838, 2839, 2840, 2841, 2842, 2844, 2846, 2847, 2851, 2852, 2860, 2871, 2872, 2873, 2876, 2883, 2886, 2887, 2888, 2889, 2891, 2892, 2893, 2894, 2895, 2896, 2897, 2898, 2899, 2900, 2901, 2902, 2907, 2908, 2909, 2911, 2912, 2913, 2914, 2916, 2917, 2919, 2920, 2921, 2928, 2929, 2930, 2931, 2932, 2935, 2938, 2939, 2942, 2943, 2944, 2951, 2952, 2953, 2954, 2955, 2958, 2959, 2960, 2962, 2963, 2965, 2966, 2969, 2970, 2973, 2974, 2981, 2982, 2983, 2984, 2994, 2995, 3002, 3010, 3011, 3017, 3018, 3019, 3021, 3022, 3032, 3033, 3034, 3035, 3036, 3037, 3040, 3043, 3044, 3045, 3047, 3048, 3049, 3050, 3053, 3054, 3055, 3056, 3057, 3058, 3059, 3067, 3070, 3071, 3073, 3074, 3082, 3083, 3092, 3098, 3099, 3100, 3102, 3103, 3113, 3114, 3115, 3116, 3117, 3118, 3119, 3122, 3125, 3127, 3128, 3131, 3132, 3133, 3134, 3136, 3138, 3139, 3141, 3142, 3145, 3146, 3147, 3148, 3150, 3155, 3156, 3158, 3159, 3160, 3161, 3162, 3164, 3165, 3174, 3176, 3178, 3179, 3180, 3181, 3182, 3183, 3187, 3188, 3189, 3190, 3191, 3192, 3193, 3194, 3195, 3196, 3197, 3198, 3199, 3201, 3204, 3206, 3207, 3208, 3209, 3212, 3266, 3269, 3270, 3271, 3275, 3291, 3293, 3294, 3296, 3297, 3299, 3300, 3301, 3302, 3303, 3304, 3306, 3307, 3309, 3310, 3319, 3321, 3322, 3323, 3327, 3331, 3332, 3335, 3337, 3339, 3350, 3353, 3354, 3356, 3359, 3385, 3389, 3390, 3396, 3399, 3423, 3424, 3426, 3429, 3445, 3447, 3449, 3450, 3451, 3452, 3455, 3471, 3474, 3475, 3476, 3477, 3480, 3481, 3482, 3485, 3486, 3489, 3499, 3501, 3510, 3511, 3513, 3514, 3522, 3524, 3525, 3527, 3528, 3533, 3538, 3543, 3549, 3552, 3553, 3556, 3557, 3559, 3562, 3565, 3572, 3573, 3575, 3578, 3579], "excluded_lines": [], "functions": {"load_calibration_prompts_from_yaml": {"executed_lines": [], "summary": {"covered_lines": 0, "num_statements": 20, "percent_covered": 0.0, "percent_covered_display": "0", "missing_lines": 20, "excluded_lines": 0, "percent_statements_covered": 0.0, "percent_statements_covered_display": "0"}, "missing_lines": [107, 109, 110, 112, 113, 115, 116, 119, 120, 122, 124, 125, 126, 127, 128, 129, 130, 133, 135, 136], "excluded_lines": [], "start_line": 82}, "extract_parameter_targets": {"executed_lines": [], "summary": {"covered_lines": 0, "num_statements": 7, "percent_covered": 0.0, "percent_covered_display": "0", "missing_lines": 7, "excluded_lines": 0, "percent_statements_covered": 0.0, "percent_statements_covered_display": "0"}, "missing_lines": [157, 159, 160, 161, 162, 163, 165], "excluded_lines": [], "start_line": 139}, "get_focused_parameters": {"executed_lines": [], "summary": {"covered_lines": 0, "num_statements": 4, "percent_covered": 0.0, "percent_covered_display": "0", "missing_lines": 4, "excluded_lines": 0, "percent_statements_covered": 0.0, "percent_statements_covered_display": "0"}, "missing_lines": [183, 184, 185, 186], "excluded_lines": [], "start_line": 168}, "validate_parameter_targets": {"executed_lines": [], "summary": {"covered_lines": 0, "num_statements": 6, "percent_covered": 0.0, "percent_covered_display": "0", "missing_lines": 6, "excluded_lines": 0, "percent_statements_covered": 0.0, "percent_statements_covered_display": "0"}, "missing_lines": [204, 205, 206, 207, 208, 212], "excluded_lines": [], "start_line": 189}, "analyze_evaluation_focus": {"executed_lines": [], "summary": {"covered_lines": 0, "num_statements": 24, "percent_covered": 0.0, "percent_covered_display": "0", "missing_lines": 24, "excluded_lines": 0, "percent_statements_covered": 0.0, "percent_statements_covered_display": "0"}, "missing_lines": [368, 370, 371, 372, 373, 374, 377, 378, 379, 381, 382, 383, 386, 387, 391, 392, 393, 396, 397, 398, 400, 410, 418, 424], "excluded_lines": [], "start_line": 337}, "get_focused_adjustment_strategy": {"executed_lines": [], "summary": {"covered_lines": 0, "num_statements": 19, "percent_covered": 0.0, "percent_covered_display": "0", "missing_lines": 19, "excluded_lines": 0, "percent_statements_covered": 0.0, "percent_statements_covered_display": "0"}, "missing_lines": [446, 448, 449, 451, 452, 453, 454, 455, 458, 460, 463, 464, 467, 468, 469, 470, 471, 472, 474], "excluded_lines": [], "start_line": 427}, "generate_parameter_adjustments": {"executed_lines": [], "summary": {"covered_lines": 0, "num_statements": 25, "percent_covered": 0.0, "percent_covered_display": "0", "missing_lines": 25, "excluded_lines": 0, "percent_statements_covered": 0.0, "percent_statements_covered_display": "0"}, "missing_lines": [516, 517, 520, 523, 526, 528, 529, 530, 531, 534, 535, 537, 539, 540, 542, 543, 545, 548, 551, 552, 553, 554, 562, 563, 572], "excluded_lines": [], "start_line": 482}, "get_parameter_priority_order": {"executed_lines": [], "summary": {"covered_lines": 0, "num_statements": 11, "percent_covered": 0.0, "percent_covered_display": "0", "missing_lines": 11, "excluded_lines": 0, "percent_statements_covered": 0.0, "percent_statements_covered_display": "0"}, "missing_lines": [612, 614, 615, 618, 625, 626, 629, 630, 633, 634, 636], "excluded_lines": [], "start_line": 586}, "_sort_values_by_priority": {"executed_lines": [], "summary": {"covered_lines": 0, "num_statements": 13, "percent_covered": 0.0, "percent_covered_display": "0", "missing_lines": 13, "excluded_lines": 0, "percent_statements_covered": 0.0, "percent_statements_covered_display": "0"}, "missing_lines": [660, 662, 663, 664, 666, 668, 669, 671, 674, 675, 676, 678, 680], "excluded_lines": [], "start_line": 639}, "generate_adaptive_profiles": {"executed_lines": [], "summary": {"covered_lines": 0, "num_statements": 24, "percent_covered": 0.0, "percent_covered_display": "0", "missing_lines": 24, "excluded_lines": 0, "percent_statements_covered": 0.0, "percent_statements_covered_display": "0"}, "missing_lines": [719, 720, 723, 724, 725, 727, 730, 733, 734, 735, 736, 737, 741, 746, 747, 749, 750, 751, 752, 753, 760, 761, 762, 766], "excluded_lines": [], "start_line": 683}, "get_adaptive_parameter_weights": {"executed_lines": [], "summary": {"covered_lines": 0, "num_statements": 11, "percent_covered": 0.0, "percent_covered_display": "0", "missing_lines": 11, "excluded_lines": 0, "percent_statements_covered": 0.0, "percent_statements_covered_display": "0"}, "missing_lines": [794, 797, 798, 800, 808, 809, 811, 812, 813, 815, 817], "excluded_lines": [], "start_line": 769}, "_adjust_for_increase": {"executed_lines": [], "summary": {"covered_lines": 0, "num_statements": 11, "percent_covered": 0.0, "percent_covered_display": "0", "missing_lines": 11, "excluded_lines": 0, "percent_statements_covered": 0.0, "percent_statements_covered_display": "0"}, "missing_lines": [838, 839, 840, 841, 842, 845, 846, 849, 853, 854, 855], "excluded_lines": [], "start_line": 820}, "_adjust_for_decrease": {"executed_lines": [], "summary": {"covered_lines": 0, "num_statements": 11, "percent_covered": 0.0, "percent_covered_display": "0", "missing_lines": 11, "excluded_lines": 0, "percent_statements_covered": 0.0, "percent_statements_covered_display": "0"}, "missing_lines": [875, 876, 877, 878, 879, 882, 883, 886, 890, 891, 892], "excluded_lines": [], "start_line": 858}, "_clamp_to_valid_range": {"executed_lines": [], "summary": {"covered_lines": 0, "num_statements": 17, "percent_covered": 0.0, "percent_covered_display": "0", "missing_lines": 17, "excluded_lines": 0, "percent_statements_covered": 0.0, "percent_statements_covered_display": "0"}, "missing_lines": [913, 914, 915, 920, 921, 922, 923, 924, 925, 929, 930, 932, 933, 936, 937, 938, 940], "excluded_lines": [], "start_line": 895}, "refine_parameter_space": {"executed_lines": [], "summary": {"covered_lines": 0, "num_statements": 55, "percent_covered": 0.0, "percent_covered_display": "0", "missing_lines": 55, "excluded_lines": 0, "percent_statements_covered": 0.0, "percent_statements_covered_display": "0"}, "missing_lines": [990, 991, 993, 994, 995, 998, 999, 1000, 1001, 1004, 1007, 1008, 1010, 1018, 1020, 1021, 1023, 1024, 1025, 1028, 1029, 1030, 1031, 1032, 1034, 1036, 1037, 1040, 1041, 1042, 1044, 1047, 1048, 1049, 1050, 1051, 1052, 1055, 1056, 1057, 1058, 1059, 1062, 1063, 1064, 1067, 1068, 1069, 1071, 1072, 1077, 1082, 1090, 1093, 1095], "excluded_lines": [], "start_line": 948}, "analyze_parameter_performance": {"executed_lines": [], "summary": {"covered_lines": 0, "num_statements": 28, "percent_covered": 0.0, "percent_covered_display": "0", "missing_lines": 28, "excluded_lines": 0, "percent_statements_covered": 0.0, "percent_statements_covered_display": "0"}, "missing_lines": [1128, 1129, 1132, 1134, 1135, 1141, 1142, 1143, 1144, 1146, 1147, 1149, 1150, 1152, 1155, 1157, 1158, 1159, 1160, 1161, 1163, 1164, 1165, 1167, 1168, 1169, 1171, 1179], "excluded_lines": [], "start_line": 1098}, "get_refinement_recommendations": {"executed_lines": [], "summary": {"covered_lines": 0, "num_statements": 23, "percent_covered": 0.0, "percent_covered_display": "0", "missing_lines": 23, "excluded_lines": 0, "percent_statements_covered": 0.0, "percent_statements_covered_display": "0"}, "missing_lines": [1207, 1208, 1211, 1214, 1217, 1219, 1220, 1221, 1223, 1224, 1225, 1227, 1228, 1229, 1232, 1233, 1244, 1256, 1257, 1262, 1263, 1265, 1273], "excluded_lines": [], "start_line": 1182}, "extract_focus_analysis": {"executed_lines": [], "summary": {"covered_lines": 0, "num_statements": 31, "percent_covered": 0.0, "percent_covered_display": "0", "missing_lines": 31, "excluded_lines": 0, "percent_statements_covered": 0.0, "percent_statements_covered_display": "0"}, "missing_lines": [1313, 1315, 1318, 1319, 1320, 1321, 1322, 1323, 1324, 1326, 1327, 1328, 1329, 1331, 1334, 1343, 1344, 1345, 1346, 1347, 1350, 1351, 1361, 1364, 1369, 1372, 1373, 1374, 1375, 1378, 1383], "excluded_lines": [], "start_line": 1287}, "generate_profiles": {"executed_lines": [], "summary": {"covered_lines": 0, "num_statements": 13, "percent_covered": 0.0, "percent_covered_display": "0", "missing_lines": 13, "excluded_lines": 0, "percent_statements_covered": 0.0, "percent_statements_covered_display": "0"}, "missing_lines": [1414, 1415, 1417, 1418, 1420, 1421, 1422, 1423, 1424, 1431, 1432, 1433, 1437], "excluded_lines": [], "start_line": 1399}, "calculate_composite_score": {"executed_lines": [], "summary": {"covered_lines": 0, "num_statements": 10, "percent_covered": 0.0, "percent_covered_display": "0", "missing_lines": 10, "excluded_lines": 0, "percent_statements_covered": 0.0, "percent_statements_covered_display": "0"}, "missing_lines": [1466, 1469, 1470, 1471, 1473, 1475, 1476, 1477, 1478, 1480], "excluded_lines": [], "start_line": 1445}, "count_words": {"executed_lines": [], "summary": {"covered_lines": 0, "num_statements": 3, "percent_covered": 0.0, "percent_covered_display": "0", "missing_lines": 3, "excluded_lines": 0, "percent_statements_covered": 0.0, "percent_statements_covered_display": "0"}, "missing_lines": [1496, 1497, 1498], "excluded_lines": [], "start_line": 1483}, "apply_length_penalty": {"executed_lines": [], "summary": {"covered_lines": 0, "num_statements": 7, "percent_covered": 0.0, "percent_covered_display": "0", "missing_lines": 7, "excluded_lines": 0, "percent_statements_covered": 0.0, "percent_statements_covered_display": "0"}, "missing_lines": [1525, 1526, 1529, 1530, 1532, 1533, 1541], "excluded_lines": [], "start_line": 1501}, "generate_response_with_profile": {"executed_lines": [], "summary": {"covered_lines": 0, "num_statements": 1, "percent_covered": 0.0, "percent_covered_display": "0", "missing_lines": 1, "excluded_lines": 0, "percent_statements_covered": 0.0, "percent_statements_covered_display": "0"}, "missing_lines": [1581], "excluded_lines": [], "start_line": 1549}, "CalibrationEngine.__init__": {"executed_lines": [], "summary": {"covered_lines": 0, "num_statements": 30, "percent_covered": 0.0, "percent_covered_display": "0", "missing_lines": 30, "excluded_lines": 0, "percent_statements_covered": 0.0, "percent_statements_covered_display": "0"}, "missing_lines": [1653, 1654, 1655, 1656, 1657, 1660, 1661, 1662, 1665, 1668, 1669, 1670, 1673, 1674, 1675, 1676, 1678, 1679, 1683, 1684, 1685, 1689, 1693, 1694, 1698, 1705, 1706, 1707, 1716, 1717], "excluded_lines": [], "start_line": 1625}, "CalibrationEngine.run": {"executed_lines": [], "summary": {"covered_lines": 0, "num_statements": 141, "percent_covered": 0.0, "percent_covered_display": "0", "missing_lines": 141, "excluded_lines": 0, "percent_statements_covered": 0.0, "percent_statements_covered_display": "0"}, "missing_lines": [1745, 1746, 1748, 1749, 1750, 1752, 1753, 1754, 1755, 1756, 1757, 1758, 1759, 1760, 1762, 1763, 1764, 1770, 1771, 1772, 1776, 1777, 1778, 1780, 1781, 1782, 1784, 1785, 1787, 1791, 1792, 1793, 1795, 1797, 1799, 1800, 1803, 1804, 1809, 1810, 1812, 1815, 1816, 1821, 1833, 1834, 1837, 1839, 1842, 1845, 1846, 1847, 1848, 1849, 1850, 1857, 1860, 1861, 1867, 1876, 1877, 1878, 1879, 1880, 1881, 1882, 1883, 1886, 1887, 1888, 1889, 1890, 1893, 1894, 1895, 1896, 1897, 1900, 1901, 1902, 1904, 1905, 1906, 1909, 1910, 1911, 1912, 1913, 1918, 1925, 1927, 1929, 1936, 1939, 1940, 1943, 1944, 1945, 1954, 1957, 1962, 1973, 1974, 1977, 1978, 1981, 1985, 1988, 1989, 1993, 1994, 1998, 2001, 2002, 2003, 2004, 2005, 2007, 2008, 2011, 2021, 2022, 2023, 2024, 2025, 2026, 2029, 2030, 2031, 2042, 2043, 2050, 2054, 2055, 2058, 2061, 2064, 2066, 2077, 2078, 2084], "excluded_lines": [], "start_line": 1721}, "CalibrationEngine._get_judge_scores": {"executed_lines": [], "summary": {"covered_lines": 0, "num_statements": 20, "percent_covered": 0.0, "percent_covered_display": "0", "missing_lines": 20, "excluded_lines": 0, "percent_statements_covered": 0.0, "percent_statements_covered_display": "0"}, "missing_lines": [2117, 2118, 2119, 2121, 2123, 2126, 2135, 2138, 2147, 2150, 2151, 2154, 2155, 2156, 2157, 2163, 2167, 2175, 2176, 2181], "excluded_lines": [], "start_line": 2086}, "CalibrationEngine._neutral_scores": {"executed_lines": [], "summary": {"covered_lines": 0, "num_statements": 1, "percent_covered": 0.0, "percent_covered_display": "0", "missing_lines": 1, "excluded_lines": 0, "percent_statements_covered": 0.0, "percent_statements_covered_display": "0"}, "missing_lines": [2185], "excluded_lines": [], "start_line": 2183}, "CalibrationEngine._is_profile_noxious": {"executed_lines": [], "summary": {"covered_lines": 0, "num_statements": 12, "percent_covered": 0.0, "percent_covered_display": "0", "missing_lines": 12, "excluded_lines": 0, "percent_statements_covered": 0.0, "percent_statements_covered_display": "0"}, "missing_lines": [2199, 2200, 2203, 2211, 2212, 2213, 2214, 2215, 2217, 2220, 2223, 2225], "excluded_lines": [], "start_line": 2193}, "CalibrationEngine._update_discarded_params": {"executed_lines": [], "summary": {"covered_lines": 0, "num_statements": 50, "percent_covered": 0.0, "percent_covered_display": "0", "missing_lines": 50, "excluded_lines": 0, "percent_statements_covered": 0.0, "percent_statements_covered_display": "0"}, "missing_lines": [2241, 2242, 2244, 2253, 2254, 2255, 2256, 2263, 2264, 2265, 2266, 2267, 2268, 2269, 2271, 2272, 2273, 2275, 2277, 2278, 2279, 2281, 2282, 2285, 2286, 2287, 2288, 2295, 2297, 2298, 2301, 2302, 2304, 2306, 2307, 2308, 2309, 2324, 2325, 2330, 2332, 2333, 2334, 2335, 2340, 2342, 2343, 2348, 2349, 2352], "excluded_lines": [], "start_line": 2227}, "CalibrationEngine._derive_discards_from_noxious_checkpoint": {"executed_lines": [], "summary": {"covered_lines": 0, "num_statements": 118, "percent_covered": 0.0, "percent_covered_display": "0", "missing_lines": 118, "excluded_lines": 0, "percent_statements_covered": 0.0, "percent_statements_covered_display": "0"}, "missing_lines": [2390, 2393, 2394, 2395, 2396, 2397, 2398, 2399, 2400, 2405, 2406, 2407, 2408, 2409, 2410, 2411, 2412, 2413, 2414, 2415, 2418, 2420, 2426, 2427, 2428, 2429, 2430, 2431, 2432, 2433, 2437, 2438, 2439, 2440, 2441, 2442, 2443, 2444, 2445, 2446, 2449, 2450, 2451, 2452, 2453, 2454, 2459, 2460, 2461, 2463, 2464, 2466, 2469, 2470, 2471, 2472, 2473, 2474, 2475, 2476, 2477, 2478, 2479, 2490, 2491, 2494, 2503, 2504, 2512, 2515, 2518, 2519, 2524, 2525, 2526, 2527, 2528, 2530, 2534, 2535, 2536, 2537, 2539, 2540, 2541, 2542, 2543, 2545, 2546, 2547, 2548, 2549, 2550, 2551, 2552, 2553, 2554, 2555, 2556, 2557, 2558, 2559, 2560, 2561, 2562, 2574, 2575, 2580, 2581, 2582, 2583, 2584, 2589, 2590, 2591, 2596, 2597, 2598], "excluded_lines": [], "start_line": 2359}, "CalibrationEngine._select_best_profile": {"executed_lines": [], "summary": {"covered_lines": 0, "num_statements": 3, "percent_covered": 0.0, "percent_covered_display": "0", "missing_lines": 3, "excluded_lines": 0, "percent_statements_covered": 0.0, "percent_statements_covered_display": "0"}, "missing_lines": [2613, 2614, 2616], "excluded_lines": [], "start_line": 2605}, "CalibrationEngine._compute_statistics": {"executed_lines": [], "summary": {"covered_lines": 0, "num_statements": 5, "percent_covered": 0.0, "percent_covered_display": "0", "missing_lines": 5, "excluded_lines": 0, "percent_statements_covered": 0.0, "percent_statements_covered_display": "0"}, "missing_lines": [2626, 2627, 2629, 2630, 2632], "excluded_lines": [], "start_line": 2618}, "CalibrationEngine._save_checkpoint": {"executed_lines": [], "summary": {"covered_lines": 0, "num_statements": 13, "percent_covered": 0.0, "percent_covered_display": "0", "missing_lines": 13, "excluded_lines": 0, "percent_statements_covered": 0.0, "percent_statements_covered_display": "0"}, "missing_lines": [2656, 2658, 2661, 2674, 2675, 2676, 2677, 2679, 2680, 2683, 2684, 2685, 2687], "excluded_lines": [], "start_line": 2642}, "CalibrationEngine._load_checkpoint": {"executed_lines": [], "summary": {"covered_lines": 0, "num_statements": 20, "percent_covered": 0.0, "percent_covered_display": "0", "missing_lines": 20, "excluded_lines": 0, "percent_statements_covered": 0.0, "percent_statements_covered_display": "0"}, "missing_lines": [2702, 2703, 2705, 2706, 2707, 2709, 2710, 2711, 2713, 2716, 2717, 2722, 2724, 2725, 2730, 2732, 2733, 2735, 2736, 2737], "excluded_lines": [], "start_line": 2689}, "filter_noxious_parameter_values": {"executed_lines": [], "summary": {"covered_lines": 0, "num_statements": 182, "percent_covered": 0.0, "percent_covered_display": "0", "missing_lines": 182, "excluded_lines": 0, "percent_statements_covered": 0.0, "percent_statements_covered_display": "0"}, "missing_lines": [2802, 2804, 2805, 2806, 2808, 2809, 2812, 2815, 2816, 2817, 2818, 2819, 2820, 2821, 2822, 2823, 2824, 2825, 2826, 2827, 2828, 2829, 2830, 2831, 2832, 2834, 2844, 2891, 2892, 2893, 2894, 2895, 2896, 2897, 2898, 2899, 2900, 2901, 2902, 2907, 2908, 2909, 2911, 2912, 2913, 2914, 2916, 2917, 2919, 2920, 2921, 2928, 2929, 2930, 2931, 2932, 2935, 2938, 2939, 2942, 2943, 2944, 2951, 2952, 2953, 2954, 2955, 2958, 2959, 2960, 2962, 2963, 2965, 2966, 2969, 2970, 2973, 2974, 2981, 2982, 2983, 2984, 2994, 2995, 3002, 3010, 3011, 3017, 3018, 3019, 3021, 3022, 3032, 3033, 3034, 3035, 3036, 3037, 3040, 3043, 3044, 3045, 3047, 3048, 3049, 3050, 3053, 3054, 3055, 3056, 3057, 3058, 3059, 3067, 3070, 3071, 3073, 3074, 3082, 3083, 3092, 3098, 3099, 3100, 3102, 3103, 3113, 3114, 3115, 3116, 3117, 3118, 3119, 3122, 3125, 3127, 3128, 3131, 3132, 3133, 3134, 3136, 3138, 3139, 3141, 3142, 3145, 3146, 3147, 3148, 3150, 3155, 3156, 3158, 3159, 3160, 3161, 3162, 3164, 3165, 3174, 3176, 3178, 3179, 3180, 3181, 3182, 3183, 3187, 3188, 3189, 3190, 3191, 3192, 3193, 3194, 3195, 3196, 3197, 3198, 3199, 3201], "excluded_lines": [], "start_line": 2755}, "filter_noxious_parameter_values.save_noxious_checkpoint": {"executed_lines": [], "summary": {"covered_lines": 0, "num_statements": 7, "percent_covered": 0.0, "percent_covered_display": "0", "missing_lines": 7, "excluded_lines": 0, "percent_statements_covered": 0.0, "percent_statements_covered_display": "0"}, "missing_lines": [2836, 2837, 2838, 2839, 2840, 2841, 2842], "excluded_lines": [], "start_line": 2834}, "filter_noxious_parameter_values.get_judge_score": {"executed_lines": [], "summary": {"covered_lines": 0, "num_statements": 14, "percent_covered": 0.0, "percent_covered_display": "0", "missing_lines": 14, "excluded_lines": 0, "percent_statements_covered": 0.0, "percent_statements_covered_display": "0"}, "missing_lines": [2846, 2847, 2851, 2852, 2860, 2871, 2872, 2873, 2876, 2883, 2886, 2887, 2888, 2889], "excluded_lines": [], "start_line": 2844}, "_calc_combinations": {"executed_lines": [], "summary": {"covered_lines": 0, "num_statements": 4, "percent_covered": 0.0, "percent_covered_display": "0", "missing_lines": 4, "excluded_lines": 0, "percent_statements_covered": 0.0, "percent_statements_covered_display": "0"}, "missing_lines": [3206, 3207, 3208, 3209], "excluded_lines": [], "start_line": 3204}, "run_calibration": {"executed_lines": [], "summary": {"covered_lines": 0, "num_statements": 34, "percent_covered": 0.0, "percent_covered_display": "0", "missing_lines": 34, "excluded_lines": 0, "percent_statements_covered": 0.0, "percent_statements_covered_display": "0"}, "missing_lines": [3266, 3269, 3270, 3271, 3275, 3291, 3293, 3294, 3296, 3297, 3299, 3300, 3301, 3302, 3303, 3304, 3306, 3307, 3309, 3310, 3319, 3321, 3322, 3323, 3327, 3331, 3332, 3335, 3337, 3339, 3350, 3353, 3354, 3356], "excluded_lines": [], "start_line": 3212}, "generate_calibration_analysis": {"executed_lines": [], "summary": {"covered_lines": 0, "num_statements": 8, "percent_covered": 0.0, "percent_covered_display": "0", "missing_lines": 8, "excluded_lines": 0, "percent_statements_covered": 0.0, "percent_statements_covered_display": "0"}, "missing_lines": [3385, 3389, 3390, 3396, 3399, 3423, 3424, 3426], "excluded_lines": [], "start_line": 3359}, "save_calibration_analysis": {"executed_lines": [], "summary": {"covered_lines": 0, "num_statements": 6, "percent_covered": 0.0, "percent_covered_display": "0", "missing_lines": 6, "excluded_lines": 0, "percent_statements_covered": 0.0, "percent_statements_covered_display": "0"}, "missing_lines": [3445, 3447, 3449, 3450, 3451, 3452], "excluded_lines": [], "start_line": 3429}, "save_calibration_outputs": {"executed_lines": [], "summary": {"covered_lines": 0, "num_statements": 10, "percent_covered": 0.0, "percent_covered_display": "0", "missing_lines": 10, "excluded_lines": 0, "percent_statements_covered": 0.0, "percent_statements_covered_display": "0"}, "missing_lines": [3471, 3474, 3475, 3476, 3477, 3480, 3481, 3482, 3485, 3486], "excluded_lines": [], "start_line": 3455}, "save_vllm_config": {"executed_lines": [], "summary": {"covered_lines": 0, "num_statements": 6, "percent_covered": 0.0, "percent_covered_display": "0", "missing_lines": 6, "excluded_lines": 0, "percent_statements_covered": 0.0, "percent_statements_covered_display": "0"}, "missing_lines": [3499, 3501, 3510, 3511, 3513, 3514], "excluded_lines": [], "start_line": 3489}, "main": {"executed_lines": [], "summary": {"covered_lines": 0, "num_statements": 18, "percent_covered": 0.0, "percent_covered_display": "0", "missing_lines": 18, "excluded_lines": 0, "percent_statements_covered": 0.0, "percent_statements_covered_display": "0"}, "missing_lines": [3524, 3525, 3527, 3528, 3533, 3538, 3543, 3549, 3552, 3553, 3556, 3557, 3559, 3562, 3565, 3572, 3573, 3575], "excluded_lines": [], "start_line": 3522}, "": {"executed_lines": [], "summary": {"covered_lines": 0, "num_statements": 57, "percent_covered": 0.0, "percent_covered_display": "0", "missing_lines": 57, "excluded_lines": 0, "percent_statements_covered": 0.0, "percent_statements_covered_display": "0"}, "missing_lines": [52, 54, 55, 56, 57, 58, 59, 61, 72, 74, 82, 139, 168, 189, 222, 337, 427, 482, 586, 639, 683, 769, 820, 858, 895, 948, 1098, 1182, 1287, 1399, 1445, 1483, 1501, 1549, 1600, 1625, 1721, 2086, 2183, 2193, 2227, 2359, 2605, 2618, 2642, 2689, 2746, 2755, 3204, 3212, 3359, 3429, 3455, 3489, 3522, 3578, 3579], "excluded_lines": [], "start_line": 1}}, "classes": {"CalibrationEngine": {"executed_lines": [], "summary": {"covered_lines": 0, "num_statements": 413, "percent_covered": 0.0, "percent_covered_display": "0", "missing_lines": 413, "excluded_lines": 0, "percent_statements_covered": 0.0, "percent_statements_covered_display": "0"}, "missing_lines": [1653, 1654, 1655, 1656, 1657, 1660, 1661, 1662, 1665, 1668, 1669, 1670, 1673, 1674, 1675, 1676, 1678, 1679, 1683, 1684, 1685, 1689, 1693, 1694, 1698, 1705, 1706, 1707, 1716, 1717, 1745, 1746, 1748, 1749, 1750, 1752, 1753, 1754, 1755, 1756, 1757, 1758, 1759, 1760, 1762, 1763, 1764, 1770, 1771, 1772, 1776, 1777, 1778, 1780, 1781, 1782, 1784, 1785, 1787, 1791, 1792, 1793, 1795, 1797, 1799, 1800, 1803, 1804, 1809, 1810, 1812, 1815, 1816, 1821, 1833, 1834, 1837, 1839, 1842, 1845, 1846, 1847, 1848, 1849, 1850, 1857, 1860, 1861, 1867, 1876, 1877, 1878, 1879, 1880, 1881, 1882, 1883, 1886, 1887, 1888, 1889, 1890, 1893, 1894, 1895, 1896, 1897, 1900, 1901, 1902, 1904, 1905, 1906, 1909, 1910, 1911, 1912, 1913, 1918, 1925, 1927, 1929, 1936, 1939, 1940, 1943, 1944, 1945, 1954, 1957, 1962, 1973, 1974, 1977, 1978, 1981, 1985, 1988, 1989, 1993, 1994, 1998, 2001, 2002, 2003, 2004, 2005, 2007, 2008, 2011, 2021, 2022, 2023, 2024, 2025, 2026, 2029, 2030, 2031, 2042, 2043, 2050, 2054, 2055, 2058, 2061, 2064, 2066, 2077, 2078, 2084, 2117, 2118, 2119, 2121, 2123, 2126, 2135, 2138, 2147, 2150, 2151, 2154, 2155, 2156, 2157, 2163, 2167, 2175, 2176, 2181, 2185, 2199, 2200, 2203, 2211, 2212, 2213, 2214, 2215, 2217, 2220, 2223, 2225, 2241, 2242, 2244, 2253, 2254, 2255, 2256, 2263, 2264, 2265, 2266, 2267, 2268, 2269, 2271, 2272, 2273, 2275, 2277, 2278, 2279, 2281, 2282, 2285, 2286, 2287, 2288, 2295, 2297, 2298, 2301, 2302, 2304, 2306, 2307, 2308, 2309, 2324, 2325, 2330, 2332, 2333, 2334, 2335, 2340, 2342, 2343, 2348, 2349, 2352, 2390, 2393, 2394, 2395, 2396, 2397, 2398, 2399, 2400, 2405, 2406, 2407, 2408, 2409, 2410, 2411, 2412, 2413, 2414, 2415, 2418, 2420, 2426, 2427, 2428, 2429, 2430, 2431, 2432, 2433, 2437, 2438, 2439, 2440, 2441, 2442, 2443, 2444, 2445, 2446, 2449, 2450, 2451, 2452, 2453, 2454, 2459, 2460, 2461, 2463, 2464, 2466, 2469, 2470, 2471, 2472, 2473, 2474, 2475, 2476, 2477, 2478, 2479, 2490, 2491, 2494, 2503, 2504, 2512, 2515, 2518, 2519, 2524, 2525, 2526, 2527, 2528, 2530, 2534, 2535, 2536, 2537, 2539, 2540, 2541, 2542, 2543, 2545, 2546, 2547, 2548, 2549, 2550, 2551, 2552, 2553, 2554, 2555, 2556, 2557, 2558, 2559, 2560, 2561, 2562, 2574, 2575, 2580, 2581, 2582, 2583, 2584, 2589, 2590, 2591, 2596, 2597, 2598, 2613, 2614, 2616, 2626, 2627, 2629, 2630, 2632, 2656, 2658, 2661, 2674, 2675, 2676, 2677, 2679, 2680, 2683, 2684, 2685, 2687, 2702, 2703, 2705, 2706, 2707, 2709, 2710, 2711, 2713, 2716, 2717, 2722, 2724, 2725, 2730, 2732, 2733, 2735, 2736, 2737], "excluded_lines": [], "start_line": 1600}, "": {"executed_lines": [], "summary": {"covered_lines": 0, "num_statements": 720, "percent_covered": 0.0, "percent_covered_display": "0", "missing_lines": 720, "excluded_lines": 0, "percent_statements_covered": 0.0, "percent_statements_covered_display": "0"}, "missing_lines": [52, 54, 55, 56, 57, 58, 59, 61, 72, 74, 82, 107, 109, 110, 112, 113, 115, 116, 119, 120, 122, 124, 125, 126, 127, 128, 129, 130, 133, 135, 136, 139, 157, 159, 160, 161, 162, 163, 165, 168, 183, 184, 185, 186, 189, 204, 205, 206, 207, 208, 212, 222, 337, 368, 370, 371, 372, 373, 374, 377, 378, 379, 381, 382, 383, 386, 387, 391, 392, 393, 396, 397, 398, 400, 410, 418, 424, 427, 446, 448, 449, 451, 452, 453, 454, 455, 458, 460, 463, 464, 467, 468, 469, 470, 471, 472, 474, 482, 516, 517, 520, 523, 526, 528, 529, 530, 531, 534, 535, 537, 539, 540, 542, 543, 545, 548, 551, 552, 553, 554, 562, 563, 572, 586, 612, 614, 615, 618, 625, 626, 629, 630, 633, 634, 636, 639, 660, 662, 663, 664, 666, 668, 669, 671, 674, 675, 676, 678, 680, 683, 719, 720, 723, 724, 725, 727, 730, 733, 734, 735, 736, 737, 741, 746, 747, 749, 750, 751, 752, 753, 760, 761, 762, 766, 769, 794, 797, 798, 800, 808, 809, 811, 812, 813, 815, 817, 820, 838, 839, 840, 841, 842, 845, 846, 849, 853, 854, 855, 858, 875, 876, 877, 878, 879, 882, 883, 886, 890, 891, 892, 895, 913, 914, 915, 920, 921, 922, 923, 924, 925, 929, 930, 932, 933, 936, 937, 938, 940, 948, 990, 991, 993, 994, 995, 998, 999, 1000, 1001, 1004, 1007, 1008, 1010, 1018, 1020, 1021, 1023, 1024, 1025, 1028, 1029, 1030, 1031, 1032, 1034, 1036, 1037, 1040, 1041, 1042, 1044, 1047, 1048, 1049, 1050, 1051, 1052, 1055, 1056, 1057, 1058, 1059, 1062, 1063, 1064, 1067, 1068, 1069, 1071, 1072, 1077, 1082, 1090, 1093, 1095, 1098, 1128, 1129, 1132, 1134, 1135, 1141, 1142, 1143, 1144, 1146, 1147, 1149, 1150, 1152, 1155, 1157, 1158, 1159, 1160, 1161, 1163, 1164, 1165, 1167, 1168, 1169, 1171, 1179, 1182, 1207, 1208, 1211, 1214, 1217, 1219, 1220, 1221, 1223, 1224, 1225, 1227, 1228, 1229, 1232, 1233, 1244, 1256, 1257, 1262, 1263, 1265, 1273, 1287, 1313, 1315, 1318, 1319, 1320, 1321, 1322, 1323, 1324, 1326, 1327, 1328, 1329, 1331, 1334, 1343, 1344, 1345, 1346, 1347, 1350, 1351, 1361, 1364, 1369, 1372, 1373, 1374, 1375, 1378, 1383, 1399, 1414, 1415, 1417, 1418, 1420, 1421, 1422, 1423, 1424, 1431, 1432, 1433, 1437, 1445, 1466, 1469, 1470, 1471, 1473, 1475, 1476, 1477, 1478, 1480, 1483, 1496, 1497, 1498, 1501, 1525, 1526, 1529, 1530, 1532, 1533, 1541, 1549, 1581, 1600, 1625, 1721, 2086, 2183, 2193, 2227, 2359, 2605, 2618, 2642, 2689, 2746, 2755, 2802, 2804, 2805, 2806, 2808, 2809, 2812, 2815, 2816, 2817, 2818, 2819, 2820, 2821, 2822, 2823, 2824, 2825, 2826, 2827, 2828, 2829, 2830, 2831, 2832, 2834, 2836, 2837, 2838, 2839, 2840, 2841, 2842, 2844, 2846, 2847, 2851, 2852, 2860, 2871, 2872, 2873, 2876, 2883, 2886, 2887, 2888, 2889, 2891, 2892, 2893, 2894, 2895, 2896, 2897, 2898, 2899, 2900, 2901, 2902, 2907, 2908, 2909, 2911, 2912, 2913, 2914, 2916, 2917, 2919, 2920, 2921, 2928, 2929, 2930, 2931, 2932, 2935, 2938, 2939, 2942, 2943, 2944, 2951, 2952, 2953, 2954, 2955, 2958, 2959, 2960, 2962, 2963, 2965, 2966, 2969, 2970, 2973, 2974, 2981, 2982, 2983, 2984, 2994, 2995, 3002, 3010, 3011, 3017, 3018, 3019, 3021, 3022, 3032, 3033, 3034, 3035, 3036, 3037, 3040, 3043, 3044, 3045, 3047, 3048, 3049, 3050, 3053, 3054, 3055, 3056, 3057, 3058, 3059, 3067, 3070, 3071, 3073, 3074, 3082, 3083, 3092, 3098, 3099, 3100, 3102, 3103, 3113, 3114, 3115, 3116, 3117, 3118, 3119, 3122, 3125, 3127, 3128, 3131, 3132, 3133, 3134, 3136, 3138, 3139, 3141, 3142, 3145, 3146, 3147, 3148, 3150, 3155, 3156, 3158, 3159, 3160, 3161, 3162, 3164, 3165, 3174, 3176, 3178, 3179, 3180, 3181, 3182, 3183, 3187, 3188, 3189, 3190, 3191, 3192, 3193, 3194, 3195, 3196, 3197, 3198, 3199, 3201, 3204, 3206, 3207, 3208, 3209, 3212, 3266, 3269, 3270, 3271, 3275, 3291, 3293, 3294, 3296, 3297, 3299, 3300, 3301, 3302, 3303, 3304, 3306, 3307, 3309, 3310, 3319, 3321, 3322, 3323, 3327, 3331, 3332, 3335, 3337, 3339, 3350, 3353, 3354, 3356, 3359, 3385, 3389, 3390, 3396, 3399, 3423, 3424, 3426, 3429, 3445, 3447, 3449, 3450, 3451, 3452, 3455, 3471, 3474, 3475, 3476, 3477, 3480, 3481, 3482, 3485, 3486, 3489, 3499, 3501, 3510, 3511, 3513, 3514, 3522, 3524, 3525, 3527, 3528, 3533, 3538, 3543, 3549, 3552, 3553, 3556, 3557, 3559, 3562, 3565, 3572, 3573, 3575, 3578, 3579], "excluded_lines": [], "start_line": 1}}}, "src/audit/calibration_schema.py": {"executed_lines": [], "summary": {"covered_lines": 0, "num_statements": 107, "percent_covered": 0.0, "percent_covered_display": "0", "missing_lines": 107, "excluded_lines": 0, "percent_statements_covered": 0.0, "percent_statements_covered_display": "0"}, "missing_lines": [25, 27, 28, 30, 48, 51, 54, 66, 75, 89, 90, 104, 105, 106, 107, 108, 110, 113, 114, 119, 120, 123, 124, 127, 128, 134, 135, 136, 141, 143, 145, 146, 148, 156, 158, 164, 165, 172, 173, 174, 175, 176, 177, 178, 179, 181, 183, 194, 195, 197, 209, 210, 217, 218, 219, 220, 221, 222, 223, 224, 226, 228, 239, 240, 242, 254, 255, 262, 263, 264, 265, 266, 267, 268, 269, 271, 273, 284, 285, 287, 298, 299, 301, 302, 303, 304, 307, 308, 320, 321, 322, 323, 324, 326, 328, 329, 330, 334, 335, 349, 350, 352, 354, 362, 364, 372, 374], "excluded_lines": [], "functions": {"SamplingProfile.__post_init__": {"executed_lines": [], "summary": {"covered_lines": 0, "num_statements": 11, "percent_covered": 0.0, "percent_covered_display": "0", "missing_lines": 11, "excluded_lines": 0, "percent_statements_covered": 0.0, "percent_statements_covered_display": "0"}, "missing_lines": [113, 114, 119, 120, 123, 124, 127, 128, 134, 135, 136], "excluded_lines": [], "start_line": 110}, "SamplingProfile.to_dict": {"executed_lines": [], "summary": {"covered_lines": 0, "num_statements": 1, "percent_covered": 0.0, "percent_covered_display": "0", "missing_lines": 1, "excluded_lines": 0, "percent_statements_covered": 0.0, "percent_statements_covered_display": "0"}, "missing_lines": [143], "excluded_lines": [], "start_line": 141}, "SamplingProfile.from_dict": {"executed_lines": [], "summary": {"covered_lines": 0, "num_statements": 1, "percent_covered": 0.0, "percent_covered_display": "0", "missing_lines": 1, "excluded_lines": 0, "percent_statements_covered": 0.0, "percent_statements_covered_display": "0"}, "missing_lines": [148], "excluded_lines": [], "start_line": 146}, "SamplingProfile.__str__": {"executed_lines": [], "summary": {"covered_lines": 0, "num_statements": 1, "percent_covered": 0.0, "percent_covered_display": "0", "missing_lines": 1, "excluded_lines": 0, "percent_statements_covered": 0.0, "percent_statements_covered_display": "0"}, "missing_lines": [158], "excluded_lines": [], "start_line": 156}, "CalibrationResult.to_dict": {"executed_lines": [], "summary": {"covered_lines": 0, "num_statements": 1, "percent_covered": 0.0, "percent_covered_display": "0", "missing_lines": 1, "excluded_lines": 0, "percent_statements_covered": 0.0, "percent_statements_covered_display": "0"}, "missing_lines": [183], "excluded_lines": [], "start_line": 181}, "CalibrationResult.from_dict": {"executed_lines": [], "summary": {"covered_lines": 0, "num_statements": 1, "percent_covered": 0.0, "percent_covered_display": "0", "missing_lines": 1, "excluded_lines": 0, "percent_statements_covered": 0.0, "percent_statements_covered_display": "0"}, "missing_lines": [197], "excluded_lines": [], "start_line": 195}, "CalibrationReport.to_dict": {"executed_lines": [], "summary": {"covered_lines": 0, "num_statements": 1, "percent_covered": 0.0, "percent_covered_display": "0", "missing_lines": 1, "excluded_lines": 0, "percent_statements_covered": 0.0, "percent_statements_covered_display": "0"}, "missing_lines": [228], "excluded_lines": [], "start_line": 226}, "CalibrationReport.from_dict": {"executed_lines": [], "summary": {"covered_lines": 0, "num_statements": 1, "percent_covered": 0.0, "percent_covered_display": "0", "missing_lines": 1, "excluded_lines": 0, "percent_statements_covered": 0.0, "percent_statements_covered_display": "0"}, "missing_lines": [242], "excluded_lines": [], "start_line": 240}, "CalibrationCheckpoint.to_dict": {"executed_lines": [], "summary": {"covered_lines": 0, "num_statements": 1, "percent_covered": 0.0, "percent_covered_display": "0", "missing_lines": 1, "excluded_lines": 0, "percent_statements_covered": 0.0, "percent_statements_covered_display": "0"}, "missing_lines": [273], "excluded_lines": [], "start_line": 271}, "CalibrationCheckpoint.from_dict": {"executed_lines": [], "summary": {"covered_lines": 0, "num_statements": 1, "percent_covered": 0.0, "percent_covered_display": "0", "missing_lines": 1, "excluded_lines": 0, "percent_statements_covered": 0.0, "percent_statements_covered_display": "0"}, "missing_lines": [287], "excluded_lines": [], "start_line": 285}, "CalibrationCheckpoint.progress_percentage": {"executed_lines": [], "summary": {"covered_lines": 0, "num_statements": 4, "percent_covered": 0.0, "percent_covered_display": "0", "missing_lines": 4, "excluded_lines": 0, "percent_statements_covered": 0.0, "percent_statements_covered_display": "0"}, "missing_lines": [301, 302, 303, 304], "excluded_lines": [], "start_line": 299}, "CalibrationPrompt.__post_init__": {"executed_lines": [], "summary": {"covered_lines": 0, "num_statements": 3, "percent_covered": 0.0, "percent_covered_display": "0", "missing_lines": 3, "excluded_lines": 0, "percent_statements_covered": 0.0, "percent_statements_covered_display": "0"}, "missing_lines": [328, 329, 330], "excluded_lines": [], "start_line": 326}, "CalibrationPrompt.from_dict": {"executed_lines": [], "summary": {"covered_lines": 0, "num_statements": 4, "percent_covered": 0.0, "percent_covered_display": "0", "missing_lines": 4, "excluded_lines": 0, "percent_statements_covered": 0.0, "percent_statements_covered_display": "0"}, "missing_lines": [349, 350, 352, 354], "excluded_lines": [], "start_line": 335}, "CalibrationPrompt.to_dict": {"executed_lines": [], "summary": {"covered_lines": 0, "num_statements": 1, "percent_covered": 0.0, "percent_covered_display": "0", "missing_lines": 1, "excluded_lines": 0, "percent_statements_covered": 0.0, "percent_statements_covered_display": "0"}, "missing_lines": [364], "excluded_lines": [], "start_line": 362}, "CalibrationPrompt.get_parameter_target_set": {"executed_lines": [], "summary": {"covered_lines": 0, "num_statements": 1, "percent_covered": 0.0, "percent_covered_display": "0", "missing_lines": 1, "excluded_lines": 0, "percent_statements_covered": 0.0, "percent_statements_covered_display": "0"}, "missing_lines": [374], "excluded_lines": [], "start_line": 372}, "": {"executed_lines": [], "summary": {"covered_lines": 0, "num_statements": 74, "percent_covered": 0.0, "percent_covered_display": "0", "missing_lines": 74, "excluded_lines": 0, "percent_statements_covered": 0.0, "percent_statements_covered_display": "0"}, "missing_lines": [25, 27, 28, 30, 48, 51, 54, 66, 75, 89, 90, 104, 105, 106, 107, 108, 110, 141, 145, 146, 156, 164, 165, 172, 173, 174, 175, 176, 177, 178, 179, 181, 194, 195, 209, 210, 217, 218, 219, 220, 221, 222, 223, 224, 226, 239, 240, 254, 255, 262, 263, 264, 265, 266, 267, 268, 269, 271, 284, 285, 298, 299, 307, 308, 320, 321, 322, 323, 324, 326, 334, 335, 362, 372], "excluded_lines": [], "start_line": 1}}, "classes": {"SamplingProfile": {"executed_lines": [], "summary": {"covered_lines": 0, "num_statements": 14, "percent_covered": 0.0, "percent_covered_display": "0", "missing_lines": 14, "excluded_lines": 0, "percent_statements_covered": 0.0, "percent_statements_covered_display": "0"}, "missing_lines": [113, 114, 119, 120, 123, 124, 127, 128, 134, 135, 136, 143, 148, 158], "excluded_lines": [], "start_line": 90}, "CalibrationResult": {"executed_lines": [], "summary": {"covered_lines": 0, "num_statements": 2, "percent_covered": 0.0, "percent_covered_display": "0", "missing_lines": 2, "excluded_lines": 0, "percent_statements_covered": 0.0, "percent_statements_covered_display": "0"}, "missing_lines": [183, 197], "excluded_lines": [], "start_line": 165}, "CalibrationReport": {"executed_lines": [], "summary": {"covered_lines": 0, "num_statements": 2, "percent_covered": 0.0, "percent_covered_display": "0", "missing_lines": 2, "excluded_lines": 0, "percent_statements_covered": 0.0, "percent_statements_covered_display": "0"}, "missing_lines": [228, 242], "excluded_lines": [], "start_line": 210}, "CalibrationCheckpoint": {"executed_lines": [], "summary": {"covered_lines": 0, "num_statements": 6, "percent_covered": 0.0, "percent_covered_display": "0", "missing_lines": 6, "excluded_lines": 0, "percent_statements_covered": 0.0, "percent_statements_covered_display": "0"}, "missing_lines": [273, 287, 301, 302, 303, 304], "excluded_lines": [], "start_line": 255}, "CalibrationPrompt": {"executed_lines": [], "summary": {"covered_lines": 0, "num_statements": 9, "percent_covered": 0.0, "percent_covered_display": "0", "missing_lines": 9, "excluded_lines": 0, "percent_statements_covered": 0.0, "percent_statements_covered_display": "0"}, "missing_lines": [328, 329, 330, 349, 350, 352, 354, 364, 374], "excluded_lines": [], "start_line": 308}, "": {"executed_lines": [], "summary": {"covered_lines": 0, "num_statements": 74, "percent_covered": 0.0, "percent_covered_display": "0", "missing_lines": 74, "excluded_lines": 0, "percent_statements_covered": 0.0, "percent_statements_covered_display": "0"}, "missing_lines": [25, 27, 28, 30, 48, 51, 54, 66, 75, 89, 90, 104, 105, 106, 107, 108, 110, 141, 145, 146, 156, 164, 165, 172, 173, 174, 175, 176, 177, 178, 179, 181, 194, 195, 209, 210, 217, 218, 219, 220, 221, 222, 223, 224, 226, 239, 240, 254, 255, 262, 263, 264, 265, 266, 267, 268, 269, 271, 284, 285, 298, 299, 307, 308, 320, 321, 322, 323, 324, 326, 334, 335, 362, 372], "excluded_lines": [], "start_line": 1}}}, "src/audit/config.py": {"executed_lines": [15, 17, 18, 19, 20, 22, 24, 25, 31, 37, 38, 44, 45, 46, 54, 56, 57, 58, 64, 81, 82, 97, 100, 103, 104, 105, 108, 116, 130, 131, 132, 133, 134, 135, 136, 137, 138, 139, 140, 141, 142, 143, 144, 149, 156, 172, 194], "summary": {"covered_lines": 47, "num_statements": 70, "percent_covered": 67.14285714285714, "percent_covered_display": "67", "missing_lines": 23, "excluded_lines": 0, "percent_statements_covered": 67.14285714285714, "percent_statements_covered_display": "67"}, "missing_lines": [60, 61, 84, 91, 92, 93, 95, 111, 112, 113, 119, 120, 121, 181, 182, 184, 185, 186, 188, 189, 191, 200, 201], "excluded_lines": [], "functions": {"_load_config": {"executed_lines": [56, 57, 58, 64, 81, 82, 97], "summary": {"covered_lines": 7, "num_statements": 14, "percent_covered": 50.0, "percent_covered_display": "50", "missing_lines": 7, "excluded_lines": 0, "percent_statements_covered": 50.0, "percent_statements_covered_display": "50"}, "missing_lines": [60, 61, 84, 91, 92, 93, 95], "excluded_lines": [], "start_line": 54}, "_get_config": {"executed_lines": [103, 104, 105], "summary": {"covered_lines": 3, "num_statements": 3, "percent_covered": 100.0, "percent_covered_display": "100", "missing_lines": 0, "excluded_lines": 0, "percent_statements_covered": 100.0, "percent_statements_covered_display": "100"}, "missing_lines": [], "excluded_lines": [], "start_line": 100}, "_get_prompt_manager": {"executed_lines": [], "summary": {"covered_lines": 0, "num_statements": 3, "percent_covered": 0.0, "percent_covered_display": "0", "missing_lines": 3, "excluded_lines": 0, "percent_statements_covered": 0.0, "percent_statements_covered_display": "0"}, "missing_lines": [111, 112, 113], "excluded_lines": [], "start_line": 108}, "_get_inference_router": {"executed_lines": [], "summary": {"covered_lines": 0, "num_statements": 3, "percent_covered": 0.0, "percent_covered_display": "0", "missing_lines": 3, "excluded_lines": 0, "percent_statements_covered": 0.0, "percent_statements_covered_display": "0"}, "missing_lines": [119, 120, 121], "excluded_lines": [], "start_line": 116}, "validate_gemini_api_key": {"executed_lines": [], "summary": {"covered_lines": 0, "num_statements": 8, "percent_covered": 0.0, "percent_covered_display": "0", "missing_lines": 8, "excluded_lines": 0, "percent_statements_covered": 0.0, "percent_statements_covered_display": "0"}, "missing_lines": [181, 182, 184, 185, 186, 188, 189, 191], "excluded_lines": [], "start_line": 172}, "require_gemini_api_key": {"executed_lines": [], "summary": {"covered_lines": 0, "num_statements": 2, "percent_covered": 0.0, "percent_covered_display": "0", "missing_lines": 2, "excluded_lines": 0, "percent_statements_covered": 0.0, "percent_statements_covered_display": "0"}, "missing_lines": [200, 201], "excluded_lines": [], "start_line": 194}, "": {"executed_lines": [15, 17, 18, 19, 20, 22, 24, 25, 31, 37, 38, 44, 45, 46, 54, 100, 108, 116, 130, 131, 132, 133, 134, 135, 136, 137, 138, 139, 140, 141, 142, 143, 144, 149, 156, 172, 194], "summary": {"covered_lines": 37, "num_statements": 37, "percent_covered": 100.0, "percent_covered_display": "100", "missing_lines": 0, "excluded_lines": 0, "percent_statements_covered": 100.0, "percent_statements_covered_display": "100"}, "missing_lines": [], "excluded_lines": [], "start_line": 1}}, "classes": {"": {"executed_lines": [15, 17, 18, 19, 20, 22, 24, 25, 31, 37, 38, 44, 45, 46, 54, 56, 57, 58, 64, 81, 82, 97, 100, 103, 104, 105, 108, 116, 130, 131, 132, 133, 134, 135, 136, 137, 138, 139, 140, 141, 142, 143, 144, 149, 156, 172, 194], "summary": {"covered_lines": 47, "num_statements": 70, "percent_covered": 67.14285714285714, "percent_covered_display": "67", "missing_lines": 23, "excluded_lines": 0, "percent_statements_covered": 67.14285714285714, "percent_statements_covered_display": "67"}, "missing_lines": [60, 61, 84, 91, 92, 93, 95, 111, 112, 113, 119, 120, 121, 181, 182, 184, 185, 186, 188, 189, 191, 200, 201], "excluded_lines": [], "start_line": 1}}}, "src/audit/eval_bpb.py": {"executed_lines": [25, 27, 28, 30, 32, 35, 52, 53, 54, 55, 59, 60, 67, 68, 71, 72, 73, 74, 80, 81, 82, 84, 87, 108, 109, 114, 115, 116, 117, 118, 119, 120, 121, 123, 126, 139, 140, 151, 153, 154, 164], "summary": {"covered_lines": 41, "num_statements": 42, "percent_covered": 97.61904761904762, "percent_covered_display": "98", "missing_lines": 1, "excluded_lines": 0, "percent_statements_covered": 97.61904761904762, "percent_statements_covered_display": "98"}, "missing_lines": [76], "excluded_lines": [], "functions": {"calculate_bpb": {"executed_lines": [52, 53, 54, 55, 59, 60, 67, 68, 71, 72, 73, 74, 80, 81, 82, 84], "summary": {"covered_lines": 16, "num_statements": 17, "percent_covered": 94.11764705882354, "percent_covered_display": "94", "missing_lines": 1, "excluded_lines": 0, "percent_statements_covered": 94.11764705882354, "percent_statements_covered_display": "94"}, "missing_lines": [76], "excluded_lines": [], "start_line": 35}, "evaluate_bpb_scores": {"executed_lines": [108, 109, 114, 115, 116, 117, 118, 119, 120, 121, 123], "summary": {"covered_lines": 11, "num_statements": 11, "percent_covered": 100.0, "percent_covered_display": "100", "missing_lines": 0, "excluded_lines": 0, "percent_statements_covered": 100.0, "percent_statements_covered_display": "100"}, "missing_lines": [], "excluded_lines": [], "start_line": 87}, "aggregate_bpb_metrics": {"executed_lines": [139, 140, 151, 153, 154, 164], "summary": {"covered_lines": 6, "num_statements": 6, "percent_covered": 100.0, "percent_covered_display": "100", "missing_lines": 0, "excluded_lines": 0, "percent_statements_covered": 100.0, "percent_statements_covered_display": "100"}, "missing_lines": [], "excluded_lines": [], "start_line": 126}, "": {"executed_lines": [25, 27, 28, 30, 32, 35, 87, 126], "summary": {"covered_lines": 8, "num_statements": 8, "percent_covered": 100.0, "percent_covered_display": "100", "missing_lines": 0, "excluded_lines": 0, "percent_statements_covered": 100.0, "percent_statements_covered_display": "100"}, "missing_lines": [], "excluded_lines": [], "start_line": 1}}, "classes": {"": {"executed_lines": [25, 27, 28, 30, 32, 35, 52, 53, 54, 55, 59, 60, 67, 68, 71, 72, 73, 74, 80, 81, 82, 84, 87, 108, 109, 114, 115, 116, 117, 118, 119, 120, 121, 123, 126, 139, 140, 151, 153, 154, 164], "summary": {"covered_lines": 41, "num_statements": 42, "percent_covered": 97.61904761904762, "percent_covered_display": "98", "missing_lines": 1, "excluded_lines": 0, "percent_statements_covered": 97.61904761904762, "percent_statements_covered_display": "98"}, "missing_lines": [76], "excluded_lines": [], "start_line": 1}}}, "src/audit/exam_builder.py": {"executed_lines": [15, 17, 18, 19, 20, 21, 23, 25, 36, 39, 45, 51, 57, 65, 90, 103, 158], "summary": {"covered_lines": 17, "num_statements": 70, "percent_covered": 24.285714285714285, "percent_covered_display": "24", "missing_lines": 53, "excluded_lines": 0, "percent_statements_covered": 24.285714285714285, "percent_statements_covered_display": "24"}, "missing_lines": [72, 73, 74, 75, 77, 81, 82, 96, 97, 98, 99, 100, 122, 123, 125, 126, 135, 141, 142, 143, 144, 147, 148, 149, 150, 151, 152, 153, 155, 173, 174, 175, 177, 182, 183, 193, 199, 208, 210, 211, 213, 214, 215, 216, 222, 226, 227, 228, 230, 231, 236, 240, 241], "excluded_lines": [], "functions": {"_load_domain_patterns": {"executed_lines": [], "summary": {"covered_lines": 0, "num_statements": 7, "percent_covered": 0.0, "percent_covered_display": "0", "missing_lines": 7, "excluded_lines": 0, "percent_statements_covered": 0.0, "percent_statements_covered_display": "0"}, "missing_lines": [72, 73, 74, 75, 77, 81, 82], "excluded_lines": [], "start_line": 65}, "_build_domain_standards_section": {"executed_lines": [], "summary": {"covered_lines": 0, "num_statements": 5, "percent_covered": 0.0, "percent_covered_display": "0", "missing_lines": 5, "excluded_lines": 0, "percent_statements_covered": 0.0, "percent_statements_covered_display": "0"}, "missing_lines": [96, 97, 98, 99, 100], "excluded_lines": [], "start_line": 90}, "_format_reference_standards": {"executed_lines": [], "summary": {"covered_lines": 0, "num_statements": 17, "percent_covered": 0.0, "percent_covered_display": "0", "missing_lines": 17, "excluded_lines": 0, "percent_statements_covered": 0.0, "percent_statements_covered_display": "0"}, "missing_lines": [122, 123, 125, 126, 135, 141, 142, 143, 144, 147, 148, 149, 150, 151, 152, 153, 155], "excluded_lines": [], "start_line": 103}, "generate_exam_question": {"executed_lines": [], "summary": {"covered_lines": 0, "num_statements": 24, "percent_covered": 0.0, "percent_covered_display": "0", "missing_lines": 24, "excluded_lines": 0, "percent_statements_covered": 0.0, "percent_statements_covered_display": "0"}, "missing_lines": [173, 174, 175, 177, 182, 183, 193, 199, 208, 210, 211, 213, 214, 215, 216, 222, 226, 227, 228, 230, 231, 236, 240, 241], "excluded_lines": [], "start_line": 158}, "": {"executed_lines": [15, 17, 18, 19, 20, 21, 23, 25, 36, 39, 45, 51, 57, 65, 90, 103, 158], "summary": {"covered_lines": 17, "num_statements": 17, "percent_covered": 100.0, "percent_covered_display": "100", "missing_lines": 0, "excluded_lines": 0, "percent_statements_covered": 100.0, "percent_statements_covered_display": "100"}, "missing_lines": [], "excluded_lines": [], "start_line": 1}}, "classes": {"": {"executed_lines": [15, 17, 18, 19, 20, 21, 23, 25, 36, 39, 45, 51, 57, 65, 90, 103, 158], "summary": {"covered_lines": 17, "num_statements": 70, "percent_covered": 24.285714285714285, "percent_covered_display": "24", "missing_lines": 53, "excluded_lines": 0, "percent_statements_covered": 24.285714285714285, "percent_statements_covered_display": "24"}, "missing_lines": [72, 73, 74, 75, 77, 81, 82, 96, 97, 98, 99, 100, 122, 123, 125, 126, 135, 141, 142, 143, 144, 147, 148, 149, 150, 151, 152, 153, 155, 173, 174, 175, 177, 182, 183, 193, 199, 208, 210, 211, 213, 214, 215, 216, 222, 226, 227, 228, 230, 231, 236, 240, 241], "excluded_lines": [], "start_line": 1}}}, "src/audit/gap_generator.py": {"executed_lines": [15, 17, 19, 30, 36, 44], "summary": {"covered_lines": 6, "num_statements": 20, "percent_covered": 30.0, "percent_covered_display": "30", "missing_lines": 14, "excluded_lines": 0, "percent_statements_covered": 30.0, "percent_statements_covered_display": "30"}, "missing_lines": [78, 79, 80, 82, 83, 93, 94, 97, 99, 105, 113, 114, 115, 118], "excluded_lines": [], "functions": {"generate_gap_analysis": {"executed_lines": [], "summary": {"covered_lines": 0, "num_statements": 14, "percent_covered": 0.0, "percent_covered_display": "0", "missing_lines": 14, "excluded_lines": 0, "percent_statements_covered": 0.0, "percent_statements_covered_display": "0"}, "missing_lines": [78, 79, 80, 82, 83, 93, 94, 97, 99, 105, 113, 114, 115, 118], "excluded_lines": [], "start_line": 44}, "": {"executed_lines": [15, 17, 19, 30, 36, 44], "summary": {"covered_lines": 6, "num_statements": 6, "percent_covered": 100.0, "percent_covered_display": "100", "missing_lines": 0, "excluded_lines": 0, "percent_statements_covered": 100.0, "percent_statements_covered_display": "100"}, "missing_lines": [], "excluded_lines": [], "start_line": 1}}, "classes": {"": {"executed_lines": [15, 17, 19, 30, 36, 44], "summary": {"covered_lines": 6, "num_statements": 20, "percent_covered": 30.0, "percent_covered_display": "30", "missing_lines": 14, "excluded_lines": 0, "percent_statements_covered": 30.0, "percent_statements_covered_display": "30"}, "missing_lines": [78, 79, 80, 82, 83, 93, 94, 97, 99, 105, 113, 114, 115, 118], "excluded_lines": [], "start_line": 1}}}, "src/audit/judge.py": {"executed_lines": [15, 17, 18, 19, 20, 21, 22, 24, 38, 45, 51, 59, 68, 82, 149], "summary": {"covered_lines": 15, "num_statements": 82, "percent_covered": 18.29268292682927, "percent_covered_display": "18", "missing_lines": 67, "excluded_lines": 0, "percent_statements_covered": 18.29268292682927, "percent_statements_covered_display": "18"}, "missing_lines": [61, 63, 64, 65, 70, 71, 73, 74, 98, 104, 105, 107, 108, 109, 118, 119, 127, 129, 137, 138, 140, 166, 173, 174, 176, 179, 184, 190, 191, 200, 201, 203, 204, 210, 219, 222, 223, 225, 226, 227, 228, 230, 231, 233, 234, 235, 236, 241, 242, 247, 250, 251, 252, 255, 258, 261, 266, 267, 270, 271, 273, 275, 276, 277, 278, 279, 280], "excluded_lines": [], "functions": {"_extract_code_blocks": {"executed_lines": [], "summary": {"covered_lines": 0, "num_statements": 4, "percent_covered": 0.0, "percent_covered_display": "0", "missing_lines": 4, "excluded_lines": 0, "percent_statements_covered": 0.0, "percent_statements_covered_display": "0"}, "missing_lines": [61, 63, 64, 65], "excluded_lines": [], "start_line": 59}, "_sanitize_for_logging": {"executed_lines": [], "summary": {"covered_lines": 0, "num_statements": 4, "percent_covered": 0.0, "percent_covered_display": "0", "missing_lines": 4, "excluded_lines": 0, "percent_statements_covered": 0.0, "percent_statements_covered_display": "0"}, "missing_lines": [70, 71, 73, 74], "excluded_lines": [], "start_line": 68}, "run_inference": {"executed_lines": [], "summary": {"covered_lines": 0, "num_statements": 13, "percent_covered": 0.0, "percent_covered_display": "0", "missing_lines": 13, "excluded_lines": 0, "percent_statements_covered": 0.0, "percent_statements_covered_display": "0"}, "missing_lines": [98, 104, 105, 107, 108, 109, 118, 119, 127, 129, 137, 138, 140], "excluded_lines": [], "start_line": 82}, "llm_judge_score": {"executed_lines": [], "summary": {"covered_lines": 0, "num_statements": 46, "percent_covered": 0.0, "percent_covered_display": "0", "missing_lines": 46, "excluded_lines": 0, "percent_statements_covered": 0.0, "percent_statements_covered_display": "0"}, "missing_lines": [166, 173, 174, 176, 179, 184, 190, 191, 200, 201, 203, 204, 210, 219, 222, 223, 225, 226, 227, 228, 230, 231, 233, 234, 235, 236, 241, 242, 247, 250, 251, 252, 255, 258, 261, 266, 267, 270, 271, 273, 275, 276, 277, 278, 279, 280], "excluded_lines": [], "start_line": 149}, "": {"executed_lines": [15, 17, 18, 19, 20, 21, 22, 24, 38, 45, 51, 59, 68, 82, 149], "summary": {"covered_lines": 15, "num_statements": 15, "percent_covered": 100.0, "percent_covered_display": "100", "missing_lines": 0, "excluded_lines": 0, "percent_statements_covered": 100.0, "percent_statements_covered_display": "100"}, "missing_lines": [], "excluded_lines": [], "start_line": 1}}, "classes": {"": {"executed_lines": [15, 17, 18, 19, 20, 21, 22, 24, 38, 45, 51, 59, 68, 82, 149], "summary": {"covered_lines": 15, "num_statements": 82, "percent_covered": 18.29268292682927, "percent_covered_display": "18", "missing_lines": 67, "excluded_lines": 0, "percent_statements_covered": 18.29268292682927, "percent_statements_covered_display": "18"}, "missing_lines": [61, 63, 64, 65, 70, 71, 73, 74, 98, 104, 105, 107, 108, 109, 118, 119, 127, 129, 137, 138, 140, 166, 173, 174, 176, 179, 184, 190, 191, 200, 201, 203, 204, 210, 219, 222, 223, 225, 226, 227, 228, 230, 231, 233, 234, 235, 236, 241, 242, 247, 250, 251, 252, 255, 258, 261, 266, 267, 270, 271, 273, 275, 276, 277, 278, 279, 280], "excluded_lines": [], "start_line": 1}}}, "src/audit/report_writer.py": {"executed_lines": [16, 18, 19, 20, 21, 22, 23, 24, 26, 31, 34, 49, 60], "summary": {"covered_lines": 13, "num_statements": 143, "percent_covered": 9.090909090909092, "percent_covered_display": "9", "missing_lines": 130, "excluded_lines": 2, "percent_statements_covered": 9.090909090909092, "percent_statements_covered_display": "9"}, "missing_lines": [36, 37, 38, 39, 40, 41, 42, 43, 44, 45, 46, 51, 52, 53, 54, 55, 56, 57, 82, 83, 85, 86, 87, 88, 91, 92, 94, 99, 101, 102, 105, 113, 114, 115, 117, 118, 119, 120, 121, 122, 123, 124, 125, 126, 127, 128, 130, 133, 134, 135, 136, 137, 138, 139, 140, 141, 142, 143, 144, 145, 147, 148, 149, 150, 151, 152, 154, 155, 156, 157, 158, 160, 161, 162, 166, 170, 172, 173, 176, 177, 178, 179, 180, 183, 185, 192, 194, 195, 196, 199, 200, 201, 202, 205, 208, 209, 210, 211, 212, 213, 214, 217, 218, 219, 220, 221, 222, 223, 224, 225, 226, 227, 230, 231, 232, 233, 234, 235, 236, 237, 239, 240, 241, 245, 246, 247, 249, 250, 254, 256], "excluded_lines": [28, 29], "functions": {"_get_grade_label": {"executed_lines": [], "summary": {"covered_lines": 0, "num_statements": 11, "percent_covered": 0.0, "percent_covered_display": "0", "missing_lines": 11, "excluded_lines": 0, "percent_statements_covered": 0.0, "percent_statements_covered_display": "0"}, "missing_lines": [36, 37, 38, 39, 40, 41, 42, 43, 44, 45, 46], "excluded_lines": [], "start_line": 34}, "_get_verdict": {"executed_lines": [], "summary": {"covered_lines": 0, "num_statements": 7, "percent_covered": 0.0, "percent_covered_display": "0", "missing_lines": 7, "excluded_lines": 0, "percent_statements_covered": 0.0, "percent_statements_covered_display": "0"}, "missing_lines": [51, 52, 53, 54, 55, 56, 57], "excluded_lines": [], "start_line": 49}, "generate_report": {"executed_lines": [], "summary": {"covered_lines": 0, "num_statements": 112, "percent_covered": 0.0, "percent_covered_display": "0", "missing_lines": 112, "excluded_lines": 0, "percent_statements_covered": 0.0, "percent_statements_covered_display": "0"}, "missing_lines": [82, 83, 85, 86, 87, 88, 91, 92, 94, 99, 101, 102, 105, 113, 114, 115, 117, 118, 119, 120, 121, 122, 123, 124, 125, 126, 127, 128, 130, 133, 134, 135, 136, 137, 138, 139, 140, 141, 142, 143, 144, 145, 147, 148, 149, 150, 151, 152, 154, 155, 156, 157, 158, 160, 161, 162, 166, 170, 172, 173, 176, 177, 178, 179, 180, 183, 185, 192, 194, 195, 196, 199, 200, 201, 202, 205, 208, 209, 210, 211, 212, 213, 214, 217, 218, 219, 220, 221, 222, 223, 224, 225, 226, 227, 230, 231, 232, 233, 234, 235, 236, 237, 239, 240, 241, 245, 246, 247, 249, 250, 254, 256], "excluded_lines": [], "start_line": 60}, "": {"executed_lines": [16, 18, 19, 20, 21, 22, 23, 24, 26, 31, 34, 49, 60], "summary": {"covered_lines": 13, "num_statements": 13, "percent_covered": 100.0, "percent_covered_display": "100", "missing_lines": 0, "excluded_lines": 2, "percent_statements_covered": 100.0, "percent_statements_covered_display": "100"}, "missing_lines": [], "excluded_lines": [28, 29], "start_line": 1}}, "classes": {"": {"executed_lines": [16, 18, 19, 20, 21, 22, 23, 24, 26, 31, 34, 49, 60], "summary": {"covered_lines": 13, "num_statements": 143, "percent_covered": 9.090909090909092, "percent_covered_display": "9", "missing_lines": 130, "excluded_lines": 2, "percent_statements_covered": 9.090909090909092, "percent_statements_covered_display": "9"}, "missing_lines": [36, 37, 38, 39, 40, 41, 42, 43, 44, 45, 46, 51, 52, 53, 54, 55, 56, 57, 82, 83, 85, 86, 87, 88, 91, 92, 94, 99, 101, 102, 105, 113, 114, 115, 117, 118, 119, 120, 121, 122, 123, 124, 125, 126, 127, 128, 130, 133, 134, 135, 136, 137, 138, 139, 140, 141, 142, 143, 144, 145, 147, 148, 149, 150, 151, 152, 154, 155, 156, 157, 158, 160, 161, 162, 166, 170, 172, 173, 176, 177, 178, 179, 180, 183, 185, 192, 194, 195, 196, 199, 200, 201, 202, 205, 208, 209, 210, 211, 212, 213, 214, 217, 218, 219, 220, 221, 222, 223, 224, 225, 226, 227, 230, 231, 232, 233, 234, 235, 236, 237, 239, 240, 241, 245, 246, 247, 249, 250, 254, 256], "excluded_lines": [28, 29], "start_line": 1}}}, "src/audit/scorecard.py": {"executed_lines": [15, 17, 18, 19, 21, 26, 28, 31, 40, 66, 69, 74, 89, 100], "summary": {"covered_lines": 14, "num_statements": 83, "percent_covered": 16.867469879518072, "percent_covered_display": "17", "missing_lines": 69, "excluded_lines": 0, "percent_statements_covered": 16.867469879518072, "percent_statements_covered_display": "17"}, "missing_lines": [33, 35, 36, 37, 47, 48, 50, 51, 53, 54, 55, 57, 61, 62, 71, 76, 77, 78, 79, 80, 81, 82, 83, 84, 85, 86, 91, 92, 93, 94, 95, 96, 97, 119, 120, 122, 123, 129, 130, 133, 134, 135, 142, 143, 144, 145, 150, 151, 152, 161, 164, 167, 177, 178, 179, 182, 183, 184, 185, 189, 193, 194, 195, 196, 197, 198, 200, 201, 203], "excluded_lines": [], "functions": {"_extract_code_blocks": {"executed_lines": [], "summary": {"covered_lines": 0, "num_statements": 4, "percent_covered": 0.0, "percent_covered_display": "0", "missing_lines": 4, "excluded_lines": 0, "percent_statements_covered": 0.0, "percent_statements_covered_display": "0"}, "missing_lines": [33, 35, 36, 37], "excluded_lines": [], "start_line": 31}, "_load_domain_patterns": {"executed_lines": [], "summary": {"covered_lines": 0, "num_statements": 10, "percent_covered": 0.0, "percent_covered_display": "0", "missing_lines": 10, "excluded_lines": 0, "percent_statements_covered": 0.0, "percent_statements_covered_display": "0"}, "missing_lines": [47, 48, 50, 51, 53, 54, 55, 57, 61, 62], "excluded_lines": [], "start_line": 40}, "_composite": {"executed_lines": [], "summary": {"covered_lines": 0, "num_statements": 1, "percent_covered": 0.0, "percent_covered_display": "0", "missing_lines": 1, "excluded_lines": 0, "percent_statements_covered": 0.0, "percent_statements_covered_display": "0"}, "missing_lines": [71], "excluded_lines": [], "start_line": 69}, "_grade_label": {"executed_lines": [], "summary": {"covered_lines": 0, "num_statements": 11, "percent_covered": 0.0, "percent_covered_display": "0", "missing_lines": 11, "excluded_lines": 0, "percent_statements_covered": 0.0, "percent_statements_covered_display": "0"}, "missing_lines": [76, 77, 78, 79, 80, 81, 82, 83, 84, 85, 86], "excluded_lines": [], "start_line": 74}, "_verdict": {"executed_lines": [], "summary": {"covered_lines": 0, "num_statements": 7, "percent_covered": 0.0, "percent_covered_display": "0", "missing_lines": 7, "excluded_lines": 0, "percent_statements_covered": 0.0, "percent_statements_covered_display": "0"}, "missing_lines": [91, 92, 93, 94, 95, 96, 97], "excluded_lines": [], "start_line": 89}, "compute_scorecard": {"executed_lines": [], "summary": {"covered_lines": 0, "num_statements": 36, "percent_covered": 0.0, "percent_covered_display": "0", "missing_lines": 36, "excluded_lines": 0, "percent_statements_covered": 0.0, "percent_statements_covered_display": "0"}, "missing_lines": [119, 120, 122, 123, 129, 130, 133, 134, 135, 142, 143, 144, 145, 150, 151, 152, 161, 164, 167, 177, 178, 179, 182, 183, 184, 185, 189, 193, 194, 195, 196, 197, 198, 200, 201, 203], "excluded_lines": [], "start_line": 100}, "": {"executed_lines": [15, 17, 18, 19, 21, 26, 28, 31, 40, 66, 69, 74, 89, 100], "summary": {"covered_lines": 14, "num_statements": 14, "percent_covered": 100.0, "percent_covered_display": "100", "missing_lines": 0, "excluded_lines": 0, "percent_statements_covered": 100.0, "percent_statements_covered_display": "100"}, "missing_lines": [], "excluded_lines": [], "start_line": 1}}, "classes": {"": {"executed_lines": [15, 17, 18, 19, 21, 26, 28, 31, 40, 66, 69, 74, 89, 100], "summary": {"covered_lines": 14, "num_statements": 83, "percent_covered": 16.867469879518072, "percent_covered_display": "17", "missing_lines": 69, "excluded_lines": 0, "percent_statements_covered": 16.867469879518072, "percent_statements_covered_display": "17"}, "missing_lines": [33, 35, 36, 37, 47, 48, 50, 51, 53, 54, 55, 57, 61, 62, 71, 76, 77, 78, 79, 80, 81, 82, 83, 84, 85, 86, 91, 92, 93, 94, 95, 96, 97, 119, 120, 122, 123, 129, 130, 133, 134, 135, 142, 143, 144, 145, 150, 151, 152, 161, 164, 167, 177, 178, 179, 182, 183, 184, 185, 189, 193, 194, 195, 196, 197, 198, 200, 201, 203], "excluded_lines": [], "start_line": 1}}}, "src/curation/__init__.py": {"executed_lines": [], "summary": {"covered_lines": 0, "num_statements": 10, "percent_covered": 0.0, "percent_covered_display": "0", "missing_lines": 10, "excluded_lines": 0, "percent_statements_covered": 0.0, "percent_statements_covered_display": "0"}, "missing_lines": [11, 16, 17, 22, 28, 29, 37, 38, 39, 41], "excluded_lines": [], "functions": {"": {"executed_lines": [], "summary": {"covered_lines": 0, "num_statements": 10, "percent_covered": 0.0, "percent_covered_display": "0", "missing_lines": 10, "excluded_lines": 0, "percent_statements_covered": 0.0, "percent_statements_covered_display": "0"}, "missing_lines": [11, 16, 17, 22, 28, 29, 37, 38, 39, 41], "excluded_lines": [], "start_line": 1}}, "classes": {"": {"executed_lines": [], "summary": {"covered_lines": 0, "num_statements": 10, "percent_covered": 0.0, "percent_covered_display": "0", "missing_lines": 10, "excluded_lines": 0, "percent_statements_covered": 0.0, "percent_statements_covered_display": "0"}, "missing_lines": [11, 16, 17, 22, 28, 29, 37, 38, 39, 41], "excluded_lines": [], "start_line": 1}}}, "src/curation/anchor_dataset_downloader.py": {"executed_lines": [], "summary": {"covered_lines": 0, "num_statements": 171, "percent_covered": 0.0, "percent_covered_display": "0", "missing_lines": 171, "excluded_lines": 0, "percent_statements_covered": 0.0, "percent_statements_covered_display": "0"}, "missing_lines": [15, 17, 18, 19, 20, 21, 23, 25, 27, 35, 36, 46, 47, 48, 49, 57, 64, 75, 101, 112, 113, 115, 116, 118, 120, 136, 138, 140, 142, 148, 149, 151, 153, 156, 158, 169, 172, 175, 177, 178, 179, 182, 184, 185, 186, 193, 194, 195, 196, 197, 198, 199, 201, 202, 204, 205, 206, 207, 209, 210, 212, 213, 214, 215, 217, 218, 219, 221, 222, 223, 225, 241, 242, 243, 244, 245, 246, 247, 248, 250, 251, 254, 255, 257, 267, 269, 270, 271, 273, 285, 286, 288, 289, 291, 292, 293, 295, 296, 299, 300, 301, 303, 305, 307, 319, 320, 322, 323, 325, 326, 327, 329, 330, 332, 334, 336, 350, 351, 353, 354, 356, 357, 358, 360, 362, 364, 380, 381, 383, 384, 386, 387, 388, 391, 392, 393, 395, 402, 404, 418, 420, 421, 422, 424, 426, 439, 442, 443, 445, 450, 451, 458, 461, 465, 472, 473, 478, 480, 485, 493, 506, 508, 509, 511, 512, 514, 515, 517, 518, 519, 528], "excluded_lines": [], "functions": {"AnchorDatasetDownloader.__init__": {"executed_lines": [], "summary": {"covered_lines": 0, "num_statements": 2, "percent_covered": 0.0, "percent_covered_display": "0", "missing_lines": 2, "excluded_lines": 0, "percent_statements_covered": 0.0, "percent_statements_covered_display": "0"}, "missing_lines": [112, 113], "excluded_lines": [], "start_line": 101}, "AnchorDatasetDownloader.configs": {"executed_lines": [], "summary": {"covered_lines": 0, "num_statements": 1, "percent_covered": 0.0, "percent_covered_display": "0", "missing_lines": 1, "excluded_lines": 0, "percent_statements_covered": 0.0, "percent_statements_covered_display": "0"}, "missing_lines": [118], "excluded_lines": [], "start_line": 116}, "AnchorDatasetDownloader.download": {"executed_lines": [], "summary": {"covered_lines": 0, "num_statements": 9, "percent_covered": 0.0, "percent_covered_display": "0", "missing_lines": 9, "excluded_lines": 0, "percent_statements_covered": 0.0, "percent_statements_covered_display": "0"}, "missing_lines": [136, 138, 140, 142, 148, 149, 151, 153, 156], "excluded_lines": [], "start_line": 120}, "AnchorDatasetDownloader._download_via_hub": {"executed_lines": [], "summary": {"covered_lines": 0, "num_statements": 35, "percent_covered": 0.0, "percent_covered_display": "0", "missing_lines": 35, "excluded_lines": 0, "percent_statements_covered": 0.0, "percent_statements_covered_display": "0"}, "missing_lines": [169, 172, 175, 177, 178, 179, 182, 184, 185, 186, 193, 194, 195, 196, 197, 198, 199, 201, 202, 204, 205, 206, 207, 209, 210, 212, 213, 214, 215, 217, 218, 219, 221, 222, 223], "excluded_lines": [], "start_line": 158}, "AnchorDatasetDownloader.parse": {"executed_lines": [], "summary": {"covered_lines": 0, "num_statements": 17, "percent_covered": 0.0, "percent_covered_display": "0", "missing_lines": 17, "excluded_lines": 0, "percent_statements_covered": 0.0, "percent_statements_covered_display": "0"}, "missing_lines": [241, 242, 243, 244, 245, 246, 247, 248, 250, 251, 254, 255, 257, 267, 269, 270, 271], "excluded_lines": [], "start_line": 225}, "AnchorDatasetDownloader._parse_xlam": {"executed_lines": [], "summary": {"covered_lines": 0, "num_statements": 14, "percent_covered": 0.0, "percent_covered_display": "0", "missing_lines": 14, "excluded_lines": 0, "percent_statements_covered": 0.0, "percent_statements_covered_display": "0"}, "missing_lines": [285, 286, 288, 289, 291, 292, 293, 295, 296, 299, 300, 301, 303, 305], "excluded_lines": [], "start_line": 273}, "AnchorDatasetDownloader._parse_sharegpt": {"executed_lines": [], "summary": {"covered_lines": 0, "num_statements": 11, "percent_covered": 0.0, "percent_covered_display": "0", "missing_lines": 11, "excluded_lines": 0, "percent_statements_covered": 0.0, "percent_statements_covered_display": "0"}, "missing_lines": [319, 320, 322, 323, 325, 326, 327, 329, 330, 332, 334], "excluded_lines": [], "start_line": 307}, "AnchorDatasetDownloader._parse_openai_messages": {"executed_lines": [], "summary": {"covered_lines": 0, "num_statements": 9, "percent_covered": 0.0, "percent_covered_display": "0", "missing_lines": 9, "excluded_lines": 0, "percent_statements_covered": 0.0, "percent_statements_covered_display": "0"}, "missing_lines": [350, 351, 353, 354, 356, 357, 358, 360, 362], "excluded_lines": [], "start_line": 336}, "AnchorDatasetDownloader.subsample": {"executed_lines": [], "summary": {"covered_lines": 0, "num_statements": 12, "percent_covered": 0.0, "percent_covered_display": "0", "missing_lines": 12, "excluded_lines": 0, "percent_statements_covered": 0.0, "percent_statements_covered_display": "0"}, "missing_lines": [380, 381, 383, 384, 386, 387, 388, 391, 392, 393, 395, 402], "excluded_lines": [], "start_line": 364}, "AnchorDatasetDownloader.export": {"executed_lines": [], "summary": {"covered_lines": 0, "num_statements": 5, "percent_covered": 0.0, "percent_covered_display": "0", "missing_lines": 5, "excluded_lines": 0, "percent_statements_covered": 0.0, "percent_statements_covered_display": "0"}, "missing_lines": [418, 420, 421, 422, 424], "excluded_lines": [], "start_line": 404}, "AnchorDatasetDownloader.download_all": {"executed_lines": [], "summary": {"covered_lines": 0, "num_statements": 14, "percent_covered": 0.0, "percent_covered_display": "0", "missing_lines": 14, "excluded_lines": 0, "percent_statements_covered": 0.0, "percent_statements_covered_display": "0"}, "missing_lines": [439, 442, 443, 445, 450, 451, 458, 461, 465, 472, 473, 478, 480, 485], "excluded_lines": [], "start_line": 426}, "load_anchor_configs": {"executed_lines": [], "summary": {"covered_lines": 0, "num_statements": 11, "percent_covered": 0.0, "percent_covered_display": "0", "missing_lines": 11, "excluded_lines": 0, "percent_statements_covered": 0.0, "percent_statements_covered_display": "0"}, "missing_lines": [506, 508, 509, 511, 512, 514, 515, 517, 518, 519, 528], "excluded_lines": [], "start_line": 493}, "": {"executed_lines": [], "summary": {"covered_lines": 0, "num_statements": 31, "percent_covered": 0.0, "percent_covered_display": "0", "missing_lines": 31, "excluded_lines": 0, "percent_statements_covered": 0.0, "percent_statements_covered_display": "0"}, "missing_lines": [15, 17, 18, 19, 20, 21, 23, 25, 27, 35, 36, 46, 47, 48, 49, 57, 64, 75, 101, 115, 116, 120, 158, 225, 273, 307, 336, 364, 404, 426, 493], "excluded_lines": [], "start_line": 1}}, "classes": {"AnchorDatasetConfig": {"executed_lines": [], "summary": {"covered_lines": 0, "num_statements": 0, "percent_covered": 100.0, "percent_covered_display": "100", "missing_lines": 0, "excluded_lines": 0, "percent_statements_covered": 100.0, "percent_statements_covered_display": "100"}, "missing_lines": [], "excluded_lines": [], "start_line": 36}, "AnchorDatasetDownloader": {"executed_lines": [], "summary": {"covered_lines": 0, "num_statements": 129, "percent_covered": 0.0, "percent_covered_display": "0", "missing_lines": 129, "excluded_lines": 0, "percent_statements_covered": 0.0, "percent_statements_covered_display": "0"}, "missing_lines": [112, 113, 118, 136, 138, 140, 142, 148, 149, 151, 153, 156, 169, 172, 175, 177, 178, 179, 182, 184, 185, 186, 193, 194, 195, 196, 197, 198, 199, 201, 202, 204, 205, 206, 207, 209, 210, 212, 213, 214, 215, 217, 218, 219, 221, 222, 223, 241, 242, 243, 244, 245, 246, 247, 248, 250, 251, 254, 255, 257, 267, 269, 270, 271, 285, 286, 288, 289, 291, 292, 293, 295, 296, 299, 300, 301, 303, 305, 319, 320, 322, 323, 325, 326, 327, 329, 330, 332, 334, 350, 351, 353, 354, 356, 357, 358, 360, 362, 380, 381, 383, 384, 386, 387, 388, 391, 392, 393, 395, 402, 418, 420, 421, 422, 424, 439, 442, 443, 445, 450, 451, 458, 461, 465, 472, 473, 478, 480, 485], "excluded_lines": [], "start_line": 75}, "": {"executed_lines": [], "summary": {"covered_lines": 0, "num_statements": 42, "percent_covered": 0.0, "percent_covered_display": "0", "missing_lines": 42, "excluded_lines": 0, "percent_statements_covered": 0.0, "percent_statements_covered_display": "0"}, "missing_lines": [15, 17, 18, 19, 20, 21, 23, 25, 27, 35, 36, 46, 47, 48, 49, 57, 64, 75, 101, 115, 116, 120, 158, 225, 273, 307, 336, 364, 404, 426, 493, 506, 508, 509, 511, 512, 514, 515, 517, 518, 519, 528], "excluded_lines": [], "start_line": 1}}}, "src/curation/backtrack_strategy.py": {"executed_lines": [], "summary": {"covered_lines": 0, "num_statements": 122, "percent_covered": 0.0, "percent_covered_display": "0", "missing_lines": 122, "excluded_lines": 0, "percent_statements_covered": 0.0, "percent_statements_covered_display": "0"}, "missing_lines": [18, 20, 21, 22, 24, 26, 28, 29, 38, 40, 55, 56, 58, 59, 66, 77, 78, 79, 84, 86, 87, 89, 90, 91, 92, 93, 94, 95, 96, 97, 98, 100, 105, 108, 149, 150, 152, 153, 156, 157, 159, 160, 161, 162, 168, 169, 171, 172, 173, 174, 179, 187, 195, 196, 198, 199, 202, 207, 208, 211, 212, 213, 215, 223, 234, 235, 236, 237, 239, 240, 242, 243, 245, 246, 248, 249, 251, 252, 255, 263, 269, 270, 271, 275, 276, 277, 278, 279, 280, 281, 282, 290, 323, 324, 326, 331, 337, 338, 339, 340, 341, 342, 343, 344, 349, 350, 351, 357, 358, 359, 362, 371, 373, 374, 381, 383, 384, 393, 395, 396, 405, 407], "excluded_lines": [], "functions": {"_load_legacy_regexes": {"executed_lines": [], "summary": {"covered_lines": 0, "num_statements": 18, "percent_covered": 0.0, "percent_covered_display": "0", "missing_lines": 18, "excluded_lines": 0, "percent_statements_covered": 0.0, "percent_statemen
[...]
"PhpLegacyAdapter._find_php_files": {"executed_lines": [], "summary": {"covered_lines": 0, "num_statements": 6, "percent_covered": 0.0, "percent_covered_display": "0", "missing_lines": 6, "excluded_lines": 0, "percent_statements_covered": 0.0, "percent_statements_covered_display": "0"}, "missing_lines": [559, 572, 573, 575, 576, 578], "excluded_lines": [], "start_line": 547}, "PhpLegacyAdapter._read_php_file": {"executed_lines": [], "summary": {"covered_lines": 0, "num_statements": 5, "percent_covered": 0.0, "percent_covered_display": "0", "missing_lines": 5, "excluded_lines": 0, "percent_statements_covered": 0.0, "percent_statements_covered_display": "0"}, "missing_lines": [589, 590, 591, 592, 593], "excluded_lines": [], "start_line": 580}, "": {"executed_lines": [], "summary": {"covered_lines": 0, "num_statements": 25, "percent_covered": 0.0, "percent_covered_display": "0", "missing_lines": 25, "excluded_lines": 0, "percent_statements_covered": 0.0, "percent_statements_covered_display": "0"}, "missing_lines": [23, 25, 26, 27, 28, 29, 30, 32, 38, 43, 91, 112, 115, 116, 118, 148, 149, 153, 188, 214, 280, 406, 463, 547, 580], "excluded_lines": [], "start_line": 1}}, "classes": {"PhpLegacyAdapter": {"executed_lines": [], "summary": {"covered_lines": 0, "num_statements": 158, "percent_covered": 0.0, "percent_covered_display": "0", "missing_lines": 158, "excluded_lines": 0, "percent_statements_covered": 0.0, "percent_statements_covered_display": "0"}, "missing_lines": [134, 135, 136, 137, 139, 151, 169, 170, 171, 172, 179, 181, 203, 204, 205, 206, 212, 223, 224, 227, 228, 229, 230, 231, 240, 241, 242, 243, 244, 253, 266, 267, 268, 269, 270, 278, 302, 303, 306, 307, 309, 310, 313, 314, 315, 316, 317, 318, 319, 320, 321, 322, 323, 324, 326, 328, 329, 332, 333, 335, 336, 337, 340, 341, 342, 343, 345, 351, 354, 355, 357, 359, 361, 363, 364, 365, 380, 381, 382, 383, 384, 385, 387, 388, 391, 394, 397, 399, 404, 425, 431, 432, 435, 437, 438, 439, 441, 445, 446, 448, 449, 452, 458, 459, 461, 481, 484, 485, 486, 489, 492, 493, 494, 495, 498, 499, 500, 501, 502, 503, 506, 507, 508, 509, 512, 513, 514, 517, 520, 521, 522, 523, 524, 525, 526, 531, 532, 533, 535, 538, 539, 540, 541, 542, 543, 544, 545, 559, 572, 573, 575, 576, 578, 589, 590, 591, 592, 593], "excluded_lines": [], "start_line": 91}, "": {"executed_lines": [], "summary": {"covered_lines": 0, "num_statements": 34, "percent_covered": 0.0, "percent_covered_display": "0", "missing_lines": 34, "excluded_lines": 0, "percent_statements_covered": 0.0, "percent_statements_covered_display": "0"}, "missing_lines": [23, 25, 26, 27, 28, 29, 30, 32, 38, 43, 56, 59, 60, 62, 63, 64, 66, 83, 84, 91, 112, 115, 116, 118, 148, 149, 153, 188, 214, 280, 406, 463, 547, 580], "excluded_lines": [], "start_line": 1}}}, "src/utils/extractors/python_ast_adapter.py": {"executed_lines": [], "summary": {"covered_lines": 0, "num_statements": 83, "percent_covered": 0.0, "percent_covered_display": "0", "missing_lines": 83, "excluded_lines": 0, "percent_statements_covered": 0.0, "percent_statements_covered_display": "0"}, "missing_lines": [17, 19, 20, 21, 22, 23, 24, 26, 32, 36, 37, 40, 144, 147, 160, 172, 173, 174, 175, 181, 182, 183, 184, 189, 190, 196, 203, 220, 221, 223, 233, 234, 236, 237, 238, 239, 240, 241, 242, 249, 250, 252, 253, 254, 255, 256, 257, 264, 266, 267, 268, 269, 276, 278, 292, 293, 295, 296, 297, 298, 303, 304, 305, 306, 307, 308, 309, 310, 319, 320, 321, 322, 323, 324, 331, 333, 334, 345, 376, 377, 378, 379, 380], "excluded_lines": [], "functions": {"PythonAstAdapter.parse_file": {"executed_lines": [], "summary": {"covered_lines": 0, "num_statements": 11, "percent_covered": 0.0, "percent_covered_display": "0", "missing_lines": 11, "excluded_lines": 0, "percent_statements_covered": 0.0, "percent_statements_covered_display": "0"}, "missing_lines": [172, 173, 174, 175, 181, 182, 183, 184, 189, 190, 196], "excluded_lines": [], "start_line": 160}, "PythonAstAdapter.extract_dependencies": {"executed_lines": [], "summary": {"covered_lines": 0, "num_statements": 2, "percent_covered": 0.0, "percent_covered_display": "0", "missing_lines": 2, "excluded_lines": 0, "percent_statements_covered": 0.0, "percent_statements_covered_display": "0"}, "missing_lines": [220, 221], "excluded_lines": [], "start_line": 203}, "PythonAstAdapter._extract_from_ast": {"executed_lines": [], "summary": {"covered_lines": 0, "num_statements": 23, "percent_covered": 0.0, "percent_covered_display": "0", "missing_lines": 23, "excluded_lines": 0, "percent_statements_covered": 0.0, "percent_statements_covered_display": "0"}, "missing_lines": [233, 234, 236, 237, 238, 239, 240, 241, 242, 249, 250, 252, 253, 254, 255, 256, 257, 264, 266, 267, 268, 269, 276], "excluded_lines": [], "start_line": 223}, "PythonAstAdapter._extract_with_regex": {"executed_lines": [], "summary": {"covered_lines": 0, "num_statements": 21, "percent_covered": 0.0, "percent_covered_display": "0", "missing_lines": 21, "excluded_lines": 0, "percent_statements_covered": 0.0, "percent_statements_covered_display": "0"}, "missing_lines": [292, 293, 295, 296, 297, 298, 303, 304, 305, 306, 307, 308, 309, 310, 319, 320, 321, 322, 323, 324, 331], "excluded_lines": [], "start_line": 278}, "PythonAstAdapter._classify_module": {"executed_lines": [], "summary": {"covered_lines": 0, "num_statements": 6, "percent_covered": 0.0, "percent_covered_display": "0", "missing_lines": 6, "excluded_lines": 0, "percent_statements_covered": 0.0, "percent_statements_covered_display": "0"}, "missing_lines": [345, 376, 377, 378, 379, 380], "excluded_lines": [], "start_line": 334}, "": {"executed_lines": [], "summary": {"covered_lines": 0, "num_statements": 20, "percent_covered": 0.0, "percent_covered_display": "0", "missing_lines": 20, "excluded_lines": 0, "percent_statements_covered": 0.0, "percent_statements_covered_display": "0"}, "missing_lines": [17, 19, 20, 21, 22, 23, 24, 26, 32, 36, 37, 40, 144, 147, 160, 203, 223, 278, 333, 334], "excluded_lines": [], "start_line": 1}}, "classes": {"PythonAstAdapter": {"executed_lines": [], "summary": {"covered_lines": 0, "num_statements": 63, "percent_covered": 0.0, "percent_covered_display": "0", "missing_lines": 63, "excluded_lines": 0, "percent_statements_covered": 0.0, "percent_statements_covered_display": "0"}, "missing_lines": [172, 173, 174, 175, 181, 182, 183, 184, 189, 190, 196, 220, 221, 233, 234, 236, 237, 238, 239, 240, 241, 242, 249, 250, 252, 253, 254, 255, 256, 257, 264, 266, 267, 268, 269, 276, 292, 293, 295, 296, 297, 298, 303, 304, 305, 306, 307, 308, 309, 310, 319, 320, 321, 322, 323, 324, 331, 345, 376, 377, 378, 379, 380], "excluded_lines": [], "start_line": 147}, "": {"executed_lines": [], "summary": {"covered_lines": 0, "num_statements": 20, "percent_covered": 0.0, "percent_covered_display": "0", "missing_lines": 20, "excluded_lines": 0, "percent_statements_covered": 0.0, "percent_statements_covered_display": "0"}, "missing_lines": [17, 19, 20, 21, 22, 23, 24, 26, 32, 36, 37, 40, 144, 147, 160, 203, 223, 278, 333, 334], "excluded_lines": [], "start_line": 1}}}, "src/utils/logging.py": {"executed_lines": [13, 15, 16, 17, 23, 24, 27, 43, 46, 55, 56, 58], "summary": {"covered_lines": 12, "num_statements": 16, "percent_covered": 75.0, "percent_covered_display": "75", "missing_lines": 4, "excluded_lines": 2, "percent_statements_covered": 75.0, "percent_statements_covered_display": "75"}, "missing_lines": [47, 48, 51, 52], "excluded_lines": [19, 20], "functions": {"get_logger": {"executed_lines": [43, 46, 55, 56, 58], "summary": {"covered_lines": 5, "num_statements": 9, "percent_covered": 55.55555555555556, "percent_covered_display": "56", "missing_lines": 4, "excluded_lines": 0, "percent_statements_covered": 55.55555555555556, "percent_statements_covered_display": "56"}, "missing_lines": [47, 48, 51, 52], "excluded_lines": [], "start_line": 27}, "": {"executed_lines": [13, 15, 16, 17, 23, 24, 27], "summary": {"covered_lines": 7, "num_statements": 7, "percent_covered": 100.0, "percent_covered_display": "100", "missing_lines": 0, "excluded_lines": 2, "percent_statements_covered": 100.0, "percent_statements_covered_display": "100"}, "missing_lines": [], "excluded_lines": [19, 20], "start_line": 1}}, "classes": {"": {"executed_lines": [13, 15, 16, 17, 23, 24, 27, 43, 46, 55, 56, 58], "summary": {"covered_lines": 12, "num_statements": 16, "percent_covered": 75.0, "percent_covered_display": "75", "missing_lines": 4, "excluded_lines": 2, "percent_statements_covered": 75.0, "percent_statements_covered_display": "75"}, "missing_lines": [47, 48, 51, 52], "excluded_lines": [19, 20], "start_line": 1}}}, "src/utils/metrics.py": {"executed_lines": [24, 26, 27, 28, 29, 30, 32, 35, 36, 39, 40, 43, 44, 47, 48, 49, 52, 58, 67, 71, 85, 101, 111, 121, 135, 156, 179, 191, 203, 248, 259, 262], "summary": {"covered_lines": 32, "num_statements": 106, "percent_covered": 30.18867924528302, "percent_covered_display": "30", "missing_lines": 74, "excluded_lines": 0, "percent_statements_covered": 30.18867924528302, "percent_statements_covered_display": "30"}, "missing_lines": [60, 61, 62, 63, 64, 65, 69, 78, 79, 80, 81, 82, 83, 96, 97, 108, 109, 118, 119, 131, 132, 133, 144, 145, 146, 147, 151, 152, 154, 165, 166, 167, 168, 172, 173, 175, 176, 177, 188, 189, 200, 201, 209, 210, 212, 213, 214, 215, 219, 220, 223, 224, 225, 226, 230, 231, 234, 235, 236, 238, 239, 240, 241, 242, 246, 250, 251, 252, 253, 254, 255, 269, 270, 271], "excluded_lines": [], "functions": {"DiscoveryMetrics.__init__": {"executed_lines": [], "summary": {"covered_lines": 0, "num_statements": 6, "percent_covered": 0.0, "percent_covered_display": "0", "missing_lines": 6, "excluded_lines": 0, "percent_statements_covered": 0.0, "percent_statements_covered_display": "0"}, "missing_lines": [60, 61, 62, 63, 64, 65], "excluded_lines": [], "start_line": 58}, "DiscoveryMetrics._make_key": {"executed_lines": [], "summary": {"covered_lines": 0, "num_statements": 1, "percent_covered": 0.0, "percent_covered_display": "0", "missing_lines": 1, "excluded_lines": 0, "percent_statements_covered": 0.0, "percent_statements_covered_display": "0"}, "missing_lines": [69], "excluded_lines": [], "start_line": 67}, "DiscoveryMetrics.increment_parse_error": {"executed_lines": [], "summary": {"covered_lines": 0, "num_statements": 6, "percent_covered": 0.0, "percent_covered_display": "0", "missing_lines": 6, "excluded_lines": 0, "percent_statements_covered": 0.0, "percent_statements_covered_display": "0"}, "missing_lines": [78, 79, 80, 81, 82, 83], "excluded_lines": [], "start_line": 71}, "DiscoveryMetrics.record_file_processing_time": {"executed_lines": [], "summary": {"covered_lines": 0, "num_statements": 2, "percent_covered": 0.0, "percent_covered_display": "0", "missing_lines": 2, "excluded_lines": 0, "percent_statements_covered": 0.0, "percent_statements_covered_display": "0"}, "missing_lines": [96, 97], "excluded_lines": [], "start_line": 85}, "DiscoveryMetrics.increment_files_marked": {"executed_lines": [], "summary": {"covered_lines": 0, "num_statements": 2, "percent_covered": 0.0, "percent_covered_display": "0", "missing_lines": 2, "excluded_lines": 0, "percent_statements_covered": 0.0, "percent_statements_covered_display": "0"}, "missing_lines": [108, 109], "excluded_lines": [], "start_line": 101}, "DiscoveryMetrics.increment_files_processed": {"executed_lines": [], "summary": {"covered_lines": 0, "num_statements": 2, "percent_covered": 0.0, "percent_covered_display": "0", "missing_lines": 2, "excluded_lines": 0, "percent_statements_covered": 0.0, "percent_statements_covered_display": "0"}, "missing_lines": [118, 119], "excluded_lines": [], "start_line": 111}, "DiscoveryMetrics.get_parse_error_count": {"executed_lines": [], "summary": {"covered_lines": 0, "num_statements": 3, "percent_covered": 0.0, "percent_covered_display": "0", "missing_lines": 3, "excluded_lines": 0, "percent_statements_covered": 0.0, "percent_statements_covered_display": "0"}, "missing_lines": [131, 132, 133], "excluded_lines": [], "start_line": 121}, "DiscoveryMetrics.get_mean_latency": {"executed_lines": [], "summary": {"covered_lines": 0, "num_statements": 7, "percent_covered": 0.0, "percent_covered_display": "0", "missing_lines": 7, "excluded_lines": 0, "percent_statements_covered": 0.0, "percent_statements_covered_display": "0"}, "missing_lines": [144, 145, 146, 147, 151, 152, 154], "excluded_lines": [], "start_line": 135}, "DiscoveryMetrics.get_p95_latency": {"executed_lines": [], "summary": {"covered_lines": 0, "num_statements": 9, "percent_covered": 0.0, "percent_covered_display": "0", "missing_lines": 9, "excluded_lines": 0, "percent_statements_covered": 0.0, "percent_statements_covered_display": "0"}, "missing_lines": [165, 166, 167, 168, 172, 173, 175, 176, 177], "excluded_lines": [], "start_line": 156}, "DiscoveryMetrics.get_files_marked_count": {"executed_lines": [], "summary": {"covered_lines": 0, "num_statements": 2, "percent_covered": 0.0, "percent_covered_display": "0", "missing_lines": 2, "excluded_lines": 0, "percent_statements_covered": 0.0, "percent_statements_covered_display": "0"}, "missing_lines": [188, 189], "excluded_lines": [], "start_line": 179}, "DiscoveryMetrics.get_files_processed_count": {"executed_lines": [], "summary": {"covered_lines": 0, "num_statements": 2, "percent_covered": 0.0, "percent_covered_display": "0", "missing_lines": 2, "excluded_lines": 0, "percent_statements_covered": 0.0, "percent_statements_covered_display": "0"}, "missing_lines": [200, 201], "excluded_lines": [], "start_line": 191}, "DiscoveryMetrics.export_prometheus": {"executed_lines": [], "summary": {"covered_lines": 0, "num_statements": 23, "percent_covered": 0.0, "percent_covered_display": "0", "missing_lines": 23, "excluded_lines": 0, "percent_statements_covered": 0.0, "percent_statements_covered_display": "0"}, "missing_lines": [209, 210, 212, 213, 214, 215, 219, 220, 223, 224, 225, 226, 230, 231, 234, 235, 236, 238, 239, 240, 241, 242, 246], "excluded_lines": [], "start_line": 203}, "DiscoveryMetrics.reset": {"executed_lines": [], "summary": {"covered_lines": 0, "num_statements": 6, "percent_covered": 0.0, "percent_covered_display": "0", "missing_lines": 6, "excluded_lines": 0, "percent_statements_covered": 0.0, "percent_statements_covered_display": "0"}, "missing_lines": [250, 251, 252, 253, 254, 255], "excluded_lines": [], "start_line": 248}, "get_metrics": {"executed_lines": [], "summary": {"covered_lines": 0, "num_statements": 3, "percent_covered": 0.0, "percent_covered_display": "0", "missing_lines": 3, "excluded_lines": 0, "percent_statements_covered": 0.0, "percent_statements_covered_display": "0"}, "missing_lines": [269, 270, 271], "excluded_lines": [], "start_line": 262}, "": {"executed_lines": [24, 26, 27, 28, 29, 30, 32, 35, 36, 39, 40, 43, 44, 47, 48, 49, 52, 58, 67, 71, 85, 101, 111, 121, 135, 156, 179, 191, 203, 248, 259, 262], "summary": {"covered_lines": 32, "num_statements": 32, "percent_covered": 100.0, "percent_covered_display": "100", "missing_lines": 0, "excluded_lines": 0, "percent_statements_covered": 100.0, "percent_statements_covered_display": "100"}, "missing_lines": [], "excluded_lines": [], "start_line": 1}}, "classes": {"ParseErrorMetric": {"executed_lines": [], "summary": {"covered_lines": 0, "num_statements": 0, "percent_covered": 100.0, "percent_covered_display": "100", "missing_lines": 0, "excluded_lines": 0, "percent_statements_covered": 100.0, "percent_statements_covered_display": "100"}, "missing_lines": [], "excluded_lines": [], "start_line": 36}, "ProcessingLatency": {"executed_lines": [], "summary": {"covered_lines": 0, "num_statements": 0, "percent_covered": 100.0, "percent_covered_display": "100", "missing_lines": 0, "excluded_lines": 0, "percent_statements_covered": 100.0, "percent_statements_covered_display": "100"}, "missing_lines": [], "excluded_lines": [], "start_line": 44}, "DiscoveryMetrics": {"executed_lines": [], "summary": {"covered_lines": 0, "num_statements": 71, "percent_covered": 0.0, "percent_covered_display": "0", "missing_lines": 71, "excluded_lines": 0, "percent_statements_covered": 0.0, "percent_statements_covered_display": "0"}, "missing_lines": [60, 61, 62, 63, 64, 65, 69, 78, 79, 80, 81, 82, 83, 96, 97, 108, 109, 118, 119, 131, 132, 133, 144, 145, 146, 147, 151, 152, 154, 165, 166, 167, 168, 172, 173, 175, 176, 177, 188, 189, 200, 201, 209, 210, 212, 213, 214, 215, 219, 220, 223, 224, 225, 226, 230, 231, 234, 235, 236, 238, 239, 240, 241, 242, 246, 250, 251, 252, 253, 254, 255], "excluded_lines": [], "start_line": 52}, "": {"executed_lines": [24, 26, 27, 28, 29, 30, 32, 35, 36, 39, 40, 43, 44, 47, 48, 49, 52, 58, 67, 71, 85, 101, 111, 121, 135, 156, 179, 191, 203, 248, 259, 262], "summary": {"covered_lines": 32, "num_statements": 35, "percent_covered": 91.42857142857143, "percent_covered_display": "91", "missing_lines": 3, "excluded_lines": 0, "percent_statements_covered": 91.42857142857143, "percent_statements_covered_display": "91"}, "missing_lines": [269, 270, 271], "excluded_lines": [], "start_line": 1}}}, "src/utils/schema.py": {"executed_lines": [], "summary": {"covered_lines": 0, "num_statements": 25, "percent_covered": 0.0, "percent_covered_display": "0", "missing_lines": 25, "excluded_lines": 0, "percent_statements_covered": 0.0, "percent_statements_covered_display": "0"}, "missing_lines": [13, 14, 17, 20, 22, 23, 26, 29, 30, 31, 32, 33, 34, 37, 40, 42, 43, 48, 51, 53, 56, 59, 62, 65, 66], "excluded_lines": [], "functions": {"": {"executed_lines": [], "summary": {"covered_lines": 0, "num_statements": 25, "percent_covered": 0.0, "percent_covered_display": "0", "missing_lines": 25, "excluded_lines": 0, "percent_statements_covered": 0.0, "percent_statements_covered_display": "0"}, "missing_lines": [13, 14, 17, 20, 22, 23, 26, 29, 30, 31, 32, 33, 34, 37, 40, 42, 43, 48, 51, 53, 56, 59, 62, 65, 66], "excluded_lines": [], "start_line": 1}}, "classes": {"Message": {"executed_lines": [], "summary": {"covered_lines": 0, "num_statements": 0, "percent_covered": 100.0, "percent_covered_display": "100", "missing_lines": 0, "excluded_lines": 0, "percent_statements_covered": 100.0, "percent_statements_covered_display": "100"}, "missing_lines": [], "excluded_lines": [], "start_line": 17}, "RecordMetadata": {"executed_lines": [], "summary": {"covered_lines": 0, "num_statements": 0, "percent_covered": 100.0, "percent_covered_display": "100", "missing_lines": 0, "excluded_lines": 0, "percent_statements_covered": 100.0, "percent_statements_covered_display": "100"}, "missing_lines": [], "excluded_lines": [], "start_line": 26}, "DatasetRecord": {"executed_lines": [], "summary": {"covered_lines": 0, "num_statements": 0, "percent_covered": 100.0, "percent_covered_display": "100", "missing_lines": 0, "excluded_lines": 0, "percent_statements_covered": 100.0, "percent_statements_covered_display": "100"}, "missing_lines": [], "excluded_lines": [], "start_line": 37}, "CompositionReport": {"executed_lines": [], "summary": {"covered_lines": 0, "num_statements": 0, "percent_covered": 100.0, "percent_covered_display": "100", "missing_lines": 0, "excluded_lines": 0, "percent_statements_covered": 100.0, "percent_statements_covered_display": "100"}, "missing_lines": [], "excluded_lines": [], "start_line": 48}, "": {"executed_lines": [], "summary": {"covered_lines": 0, "num_statements": 25, "percent_covered": 0.0, "percent_covered_display": "0", "missing_lines": 25, "excluded_lines": 0, "percent_statements_covered": 0.0, "percent_statements_covered_display": "0"}, "missing_lines": [13, 14, 17, 20, 22, 23, 26, 29, 30, 31, 32, 33, 34, 37, 40, 42, 43, 48, 51, 53, 56, 59, 62, 65, 66], "excluded_lines": [], "start_line": 1}}}}, "totals": {"covered_lines": 452, "num_statements": 5075, "percent_covered": 8.9064039408867, "percent_covered_display": "9", "missing_lines": 4623, "excluded_lines": 26, "percent_statements_covered": 8.9064039408867, "percent_statements_covered_display": "9"}}