============================= test session starts ==============================
platform linux -- Python 3.11.14, pytest-9.0.2, pluggy-1.6.0
rootdir: /mnt/bunker_data/ai/data_factory
configfile: pyproject.toml
plugins: anyio-4.12.1, cov-7.0.0
collected 694 items

tests/integration/test_processor_adapter_integration.py ......           [  0%]
tests/integration/test_processor_emits_bundles_with_arch_header.py ..... [  1%]
.                                                                        [  1%]
tests/test_apply_backtracking_rewrite.py ..                              [  2%]
tests/test_backtracking_helpers_added.py ...                             [  2%]
tests/test_backtracking_rewriter.py ........................             [  5%]
tests/test_backtracking_rewriter_extra.py ................               [  8%]
tests/test_backtracking_rewriter_helpers.py ......                       [  9%]
tests/test_backtracking_rewriter_pipeline.py .....                       [  9%]
tests/test_clean_lora.py ..                                              [ 10%]
tests/test_curation_converters.py .                                      [ 10%]
tests/test_doc_loader.py ................                                [ 12%]
tests/test_generate_sample_async.py .                                    [ 12%]
tests/test_generate_sample_async_more.py ....                            [ 13%]
tests/test_inference.py .......................................          [ 18%]
tests/test_model_evaluator.py ...............                            [ 21%]
tests/test_model_evaluator_config_and_cli.py ................            [ 23%]
tests/test_model_evaluator_error_cases.py ...........                    [ 24%]
tests/test_model_evaluator_extended_paths.py ...............             [ 27%]
tests/test_model_evaluator_golden.py ........                            [ 28%]
tests/test_model_evaluator_integration_paths.py ........................ [ 31%]
............                                                             [ 33%]
tests/test_nemo_curator_extra.py ....                                    [ 34%]
tests/test_nemo_curator_suite.py ....................................... [ 39%]
........................                                                 [ 43%]
tests/test_nemo_curator_suite_additional.py ..............               [ 45%]
tests/test_nemo_curator_suite_cli.py ..                                  [ 45%]
tests/test_nemo_curator_suite_extra.py .........                         [ 46%]
tests/test_nemo_curator_utils.py ..                                      [ 46%]
tests/test_nemo_pipeline_mocked.py ..                                    [ 47%]
tests/test_persisted_sample_ha_standards.py .                            [ 47%]
tests/test_persistence.py ..............                                 [ 49%]
tests/test_prod_helpers_added.py ......                                  [ 50%]
tests/test_production_v11.py ........................................... [ 56%]
.........................                                                [ 60%]
tests/test_production_v11_additional.py .................                [ 62%]
tests/test_production_v11_additional_tests.py ..                         [ 62%]
tests/test_production_v11_edges.py ....                                  [ 63%]
tests/test_production_v11_end_to_end.py .                                [ 63%]
tests/test_production_v11_extra.py ..                                    [ 63%]
tests/test_production_v11_generate_sample_and_process.py ...             [ 64%]
tests/test_production_v11_helpers.py ...................                 [ 67%]
tests/test_production_v11_main_async_branches.py .....                   [ 67%]
tests/test_production_v11_main_flow.py ..                                [ 68%]
tests/test_production_v11_main_scan.py .                                 [ 68%]
tests/test_production_v11_more_async.py ......                           [ 69%]
tests/test_production_v11_more_branches.py ...                           [ 69%]
tests/test_production_v11_prompts.py .........                           [ 70%]
tests/test_prompt_manager.py ................                            [ 73%]
tests/test_sampling.py ..........................                        [ 76%]
tests/test_sanitize_parens.py ..                                         [ 77%]
tests/test_sanitize_regression.py .................                      [ 79%]
tests/test_schema.py .............................                       [ 83%]
tests/test_schemas_conversion.py ..                                      [ 84%]
tests/test_think_filter.py .................................             [ 88%]
tests/unit/test_example_configs.py .......                               [ 89%]
tests/unit/test_extractor_adapter_contract.py ......                     [ 90%]
tests/unit/test_extractors_factory.py ............                       [ 92%]
tests/unit/test_ingestor_profile_filter.py ...........                   [ 93%]
tests/unit/test_load_master_docs_profile.py .....                        [ 94%]
tests/unit/test_parse_error_policy.py ...........                        [ 96%]
tests/unit/test_processor_module_discovery_directory_and_manual.py ..... [ 96%]
...                                                                      [ 97%]
tests/unit/test_processor_module_discovery_manifest.py ........          [ 98%]
tests/unit/test_python_ast_adapter.py ..........                         [100%]

============================= 694 passed in 14.75s =============================
